[2025-05-27 20:31:18Z INFO HostContext] No proxy settings were found based on environmental variables (http_proxy/https_proxy/HTTP_PROXY/HTTPS_PROXY)
[2025-05-27 20:31:18Z INFO HostContext] Well known directory 'Bin': '/home/ubuntu/ProjectFakeNews/actions-runner/bin'
[2025-05-27 20:31:18Z INFO HostContext] Well known directory 'Root': '/home/ubuntu/ProjectFakeNews/actions-runner'
[2025-05-27 20:31:18Z INFO HostContext] Well known config file 'Credentials': '/home/ubuntu/ProjectFakeNews/actions-runner/.credentials'
[2025-05-27 20:31:18Z INFO HostContext] Well known directory 'Bin': '/home/ubuntu/ProjectFakeNews/actions-runner/bin'
[2025-05-27 20:31:18Z INFO HostContext] Well known directory 'Root': '/home/ubuntu/ProjectFakeNews/actions-runner'
[2025-05-27 20:31:18Z INFO HostContext] Well known config file 'Runner': '/home/ubuntu/ProjectFakeNews/actions-runner/.runner'
[2025-05-27 20:31:18Z INFO Listener] Runner is built for Linux (X64) - linux-x64.
[2025-05-27 20:31:18Z INFO Listener] RuntimeInformation: Ubuntu 24.04.2 LTS.
[2025-05-27 20:31:18Z INFO Listener] Version: 2.324.0
[2025-05-27 20:31:18Z INFO Listener] Commit: da3412efd49b1cf1a0fbdcbcee4e4ac4cc2177c8
[2025-05-27 20:31:18Z INFO Listener] Culture: 
[2025-05-27 20:31:18Z INFO Listener] UI Culture: 
[2025-05-27 20:31:18Z INFO HostContext] Well known directory 'Bin': '/home/ubuntu/ProjectFakeNews/actions-runner/bin'
[2025-05-27 20:31:18Z INFO HostContext] Well known directory 'Root': '/home/ubuntu/ProjectFakeNews/actions-runner'
[2025-05-27 20:31:18Z INFO Listener] Validating directory permissions for: '/home/ubuntu/ProjectFakeNews/actions-runner'
[2025-05-27 20:31:18Z INFO CommandLineParser] Parse
[2025-05-27 20:31:18Z INFO CommandLineParser] Parsing 1 args
[2025-05-27 20:31:18Z INFO CommandLineParser] parsing argument
[2025-05-27 20:31:18Z INFO CommandLineParser] HasArgs: False
[2025-05-27 20:31:18Z INFO CommandLineParser] Adding Command: run
[2025-05-27 20:31:18Z INFO Listener] Arguments parsed
[2025-05-27 20:31:18Z INFO Runner] ExecuteCommand
[2025-05-27 20:31:18Z INFO ConfigurationStore] currentAssemblyLocation: /home/ubuntu/ProjectFakeNews/actions-runner/bin/Runner.Listener.dll
[2025-05-27 20:31:18Z INFO HostContext] Well known directory 'Bin': '/home/ubuntu/ProjectFakeNews/actions-runner/bin'
[2025-05-27 20:31:18Z INFO ConfigurationStore] binPath: /home/ubuntu/ProjectFakeNews/actions-runner/bin
[2025-05-27 20:31:18Z INFO HostContext] Well known directory 'Bin': '/home/ubuntu/ProjectFakeNews/actions-runner/bin'
[2025-05-27 20:31:18Z INFO HostContext] Well known directory 'Root': '/home/ubuntu/ProjectFakeNews/actions-runner'
[2025-05-27 20:31:18Z INFO ConfigurationStore] RootFolder: /home/ubuntu/ProjectFakeNews/actions-runner
[2025-05-27 20:31:18Z INFO HostContext] Well known directory 'Bin': '/home/ubuntu/ProjectFakeNews/actions-runner/bin'
[2025-05-27 20:31:18Z INFO HostContext] Well known directory 'Root': '/home/ubuntu/ProjectFakeNews/actions-runner'
[2025-05-27 20:31:18Z INFO HostContext] Well known config file 'Runner': '/home/ubuntu/ProjectFakeNews/actions-runner/.runner'
[2025-05-27 20:31:18Z INFO ConfigurationStore] ConfigFilePath: /home/ubuntu/ProjectFakeNews/actions-runner/.runner
[2025-05-27 20:31:18Z INFO HostContext] Well known directory 'Bin': '/home/ubuntu/ProjectFakeNews/actions-runner/bin'
[2025-05-27 20:31:18Z INFO HostContext] Well known directory 'Root': '/home/ubuntu/ProjectFakeNews/actions-runner'
[2025-05-27 20:31:18Z INFO HostContext] Well known config file 'MigratedRunner': '/home/ubuntu/ProjectFakeNews/actions-runner/.runner_migrated'
[2025-05-27 20:31:18Z INFO ConfigurationStore] MigratedConfigFilePath: /home/ubuntu/ProjectFakeNews/actions-runner/.runner_migrated
[2025-05-27 20:31:18Z INFO HostContext] Well known directory 'Bin': '/home/ubuntu/ProjectFakeNews/actions-runner/bin'
[2025-05-27 20:31:18Z INFO HostContext] Well known directory 'Root': '/home/ubuntu/ProjectFakeNews/actions-runner'
[2025-05-27 20:31:18Z INFO HostContext] Well known config file 'Credentials': '/home/ubuntu/ProjectFakeNews/actions-runner/.credentials'
[2025-05-27 20:31:18Z INFO ConfigurationStore] CredFilePath: /home/ubuntu/ProjectFakeNews/actions-runner/.credentials
[2025-05-27 20:31:18Z INFO HostContext] Well known directory 'Bin': '/home/ubuntu/ProjectFakeNews/actions-runner/bin'
[2025-05-27 20:31:18Z INFO HostContext] Well known directory 'Root': '/home/ubuntu/ProjectFakeNews/actions-runner'
[2025-05-27 20:31:18Z INFO HostContext] Well known config file 'MigratedCredentials': '/home/ubuntu/ProjectFakeNews/actions-runner/.credentials_migrated'
[2025-05-27 20:31:18Z INFO ConfigurationStore] MigratedCredFilePath: /home/ubuntu/ProjectFakeNews/actions-runner/.credentials_migrated
[2025-05-27 20:31:18Z INFO HostContext] Well known directory 'Bin': '/home/ubuntu/ProjectFakeNews/actions-runner/bin'
[2025-05-27 20:31:18Z INFO HostContext] Well known directory 'Root': '/home/ubuntu/ProjectFakeNews/actions-runner'
[2025-05-27 20:31:18Z INFO HostContext] Well known config file 'Service': '/home/ubuntu/ProjectFakeNews/actions-runner/.service'
[2025-05-27 20:31:18Z INFO ConfigurationStore] ServiceConfigFilePath: /home/ubuntu/ProjectFakeNews/actions-runner/.service
[2025-05-27 20:31:18Z INFO CommandSettings] Flag 'help': 'False'
[2025-05-27 20:31:18Z INFO CommandSettings] Flag 'version': 'False'
[2025-05-27 20:31:18Z INFO CommandSettings] Flag 'commit': 'False'
[2025-05-27 20:31:18Z INFO CommandSettings] Flag 'check': 'False'
[2025-05-27 20:31:18Z INFO CommandSettings] Command 'configure': 'False'
[2025-05-27 20:31:18Z INFO CommandSettings] Command 'remove': 'False'
[2025-05-27 20:31:18Z INFO CommandSettings] Command 'warmup': 'False'
[2025-05-27 20:31:18Z INFO ConfigurationManager] LoadSettings
[2025-05-27 20:31:18Z INFO ConfigurationStore] IsConfigured()
[2025-05-27 20:31:18Z INFO ConfigurationStore] IsConfigured: True
[2025-05-27 20:31:18Z INFO ConfigurationManager] Is configured: True
[2025-05-27 20:31:18Z INFO ConfigurationStore] Read setting file: 314 chars
[2025-05-27 20:31:18Z INFO ConfigurationManager] Settings Loaded
[2025-05-27 20:31:18Z INFO ConfigurationStore] IsServiceConfigured()
[2025-05-27 20:31:18Z INFO ConfigurationStore] IsServiceConfigured: False
[2025-05-27 20:31:18Z INFO CommandSettings] Command 'run': 'True'
[2025-05-27 20:31:18Z INFO ConfigurationStore] IsConfigured()
[2025-05-27 20:31:18Z INFO ConfigurationStore] IsConfigured: True
[2025-05-27 20:31:18Z INFO ConfigurationManager] Is configured: True
[2025-05-27 20:31:18Z INFO Runner] Could not parse the argument value '' for StartupType. Defaulting to Manual
[2025-05-27 20:31:18Z INFO Runner] Set runner startup type - Manual
[2025-05-27 20:31:18Z INFO CommandSettings] Flag 'once': 'False'
[2025-05-27 20:31:18Z INFO CommandSettings] Flag 'once': 'False'
[2025-05-27 20:31:18Z INFO Runner] RunAsync
[2025-05-27 20:31:18Z INFO ConfigurationManager] LoadMigratedSettings
[2025-05-27 20:31:18Z INFO ConfigurationStore] IsMigratedConfigured()
[2025-05-27 20:31:18Z INFO ConfigurationStore] IsMigratedConfigured: False
[2025-05-27 20:31:18Z INFO Runner] Failed to load migrated settings: No migrated configuration found.
[2025-05-27 20:31:18Z INFO Runner] Falling back to original .runner settings
[2025-05-27 20:31:18Z INFO ConfigurationManager] LoadSettings
[2025-05-27 20:31:18Z INFO ConfigurationStore] IsConfigured()
[2025-05-27 20:31:18Z INFO ConfigurationStore] IsConfigured: True
[2025-05-27 20:31:18Z INFO ConfigurationManager] Is configured: True
[2025-05-27 20:31:18Z INFO ConfigurationManager] Settings Loaded
[2025-05-27 20:31:18Z INFO MessageListener] {
  "AgentId": 2,
  "AgentName": "ip-172-31-7-237",
  "PoolId": 1,
  "PoolName": "Default",
  "ServerUrl": "https://pipelinesghubeus14.actions.githubusercontent.com/loYwX4HvREyqx8XpENlyZweQalCMO4kq70gdEsNuMuXlJhRR6F/",
  "GitHubUrl": "https://github.com/abhimanyusingh18/ProjectFakeNews",
  "WorkFolder": "_work"
}
[2025-05-27 20:31:18Z INFO MessageListener] Loading Credentials
[2025-05-27 20:31:18Z INFO ConfigurationStore] HasCredentials()
[2025-05-27 20:31:18Z INFO ConfigurationStore] stored True
[2025-05-27 20:31:18Z INFO CredentialManager] GetCredentialProvider
[2025-05-27 20:31:18Z INFO CredentialManager] Creating type OAuth
[2025-05-27 20:31:18Z INFO CredentialManager] Creating credential type: OAuth
[2025-05-27 20:31:18Z INFO HostContext] Well known directory 'Bin': '/home/ubuntu/ProjectFakeNews/actions-runner/bin'
[2025-05-27 20:31:18Z INFO HostContext] Well known directory 'Root': '/home/ubuntu/ProjectFakeNews/actions-runner'
[2025-05-27 20:31:18Z INFO HostContext] Well known config file 'RSACredentials': '/home/ubuntu/ProjectFakeNews/actions-runner/.credentials_rsaparams'
[2025-05-27 20:31:18Z INFO RSAFileKeyManager] Loading RSA key parameters from file /home/ubuntu/ProjectFakeNews/actions-runner/.credentials_rsaparams
[2025-05-27 20:31:18Z INFO MessageListener] Attempt to create session.
[2025-05-27 20:31:18Z INFO MessageListener] Connecting to the Runner Server...
[2025-05-27 20:31:18Z INFO RunnerServer] EstablishVssConnection
[2025-05-27 20:31:18Z INFO RunnerServer] Establish connection with 100 seconds timeout.
[2025-05-27 20:31:18Z INFO GitHubActionsService] Starting operation Location.GetConnectionData
[2025-05-27 20:31:18Z INFO RunnerServer] EstablishVssConnection
[2025-05-27 20:31:18Z INFO RunnerServer] Establish connection with 60 seconds timeout.
[2025-05-27 20:31:18Z INFO GitHubActionsService] Starting operation Location.GetConnectionData
[2025-05-27 20:31:18Z INFO RunnerServer] EstablishVssConnection
[2025-05-27 20:31:18Z INFO RunnerServer] Establish connection with 60 seconds timeout.
[2025-05-27 20:31:18Z INFO GitHubActionsService] Starting operation Location.GetConnectionData
[2025-05-27 20:31:19Z INFO GitHubActionsService] Finished operation Location.GetConnectionData
[2025-05-27 20:31:19Z INFO GitHubActionsService] Finished operation Location.GetConnectionData
[2025-05-27 20:31:19Z INFO GitHubActionsService] Finished operation Location.GetConnectionData
[2025-05-27 20:31:19Z INFO MessageListener] VssConnection created
[2025-05-27 20:31:19Z INFO Terminal] WRITE LINE: 
[2025-05-27 20:31:19Z INFO Terminal] WRITE LINE: 
[2025-05-27 20:31:20Z INFO RSAFileKeyManager] Loading RSA key parameters from file /home/ubuntu/ProjectFakeNews/actions-runner/.credentials_rsaparams
[2025-05-27 20:31:20Z INFO RSAFileKeyManager] Loading RSA key parameters from file /home/ubuntu/ProjectFakeNews/actions-runner/.credentials_rsaparams
[2025-05-27 20:31:20Z INFO GitHubActionsService] AAD Correlation ID for this token request: Unknown
[2025-05-27 20:31:21Z INFO MessageListener] Session created.
[2025-05-27 20:31:21Z INFO MessageListener] Registering AuthMigrationChanged event handler.
[2025-05-27 20:31:21Z INFO Terminal] WRITE LINE: Current runner version: '2.324.0'
[2025-05-27 20:31:21Z INFO Terminal] WRITE LINE: 2025-05-27 20:31:21Z: Listening for Jobs
[2025-05-27 20:31:21Z INFO JobDispatcher] Set runner/worker IPC timeout to 30 seconds.
[2025-05-27 20:31:21Z INFO ConfigurationStore] HasCredentials()
[2025-05-27 20:31:21Z INFO ConfigurationStore] stored True
[2025-05-27 20:31:21Z INFO CredentialManager] GetCredentialProvider
[2025-05-27 20:31:21Z INFO CredentialManager] Creating type OAuth
[2025-05-27 20:31:21Z INFO CredentialManager] Creating credential type: OAuth
[2025-05-27 20:31:21Z INFO RSAFileKeyManager] Loading RSA key parameters from file /home/ubuntu/ProjectFakeNews/actions-runner/.credentials_rsaparams
[2025-05-27 20:31:21Z INFO RSAFileKeyManager] Loading RSA key parameters from file /home/ubuntu/ProjectFakeNews/actions-runner/.credentials_rsaparams
[2025-05-27 20:31:21Z INFO RSAFileKeyManager] Loading RSA key parameters from file /home/ubuntu/ProjectFakeNews/actions-runner/.credentials_rsaparams
[2025-05-27 20:31:22Z INFO GitHubActionsService] AAD Correlation ID for this token request: Unknown
[2025-05-27 20:32:13Z INFO ConfigurationStore] HasCredentials()
[2025-05-27 20:32:13Z INFO ConfigurationStore] stored True
[2025-05-27 20:32:13Z INFO CredentialManager] GetCredentialProvider
[2025-05-27 20:32:13Z INFO CredentialManager] Creating type OAuth
[2025-05-27 20:32:13Z INFO CredentialManager] Creating credential type: OAuth
[2025-05-27 20:32:13Z INFO RSAFileKeyManager] Loading RSA key parameters from file /home/ubuntu/ProjectFakeNews/actions-runner/.credentials_rsaparams
[2025-05-27 20:33:03Z INFO ConfigurationStore] HasCredentials()
[2025-05-27 20:33:03Z INFO ConfigurationStore] stored True
[2025-05-27 20:33:03Z INFO CredentialManager] GetCredentialProvider
[2025-05-27 20:33:03Z INFO CredentialManager] Creating type OAuth
[2025-05-27 20:33:03Z INFO CredentialManager] Creating credential type: OAuth
[2025-05-27 20:33:03Z INFO RSAFileKeyManager] Loading RSA key parameters from file /home/ubuntu/ProjectFakeNews/actions-runner/.credentials_rsaparams
[2025-05-27 20:33:53Z INFO ConfigurationStore] HasCredentials()
[2025-05-27 20:33:53Z INFO ConfigurationStore] stored True
[2025-05-27 20:33:53Z INFO CredentialManager] GetCredentialProvider
[2025-05-27 20:33:53Z INFO CredentialManager] Creating type OAuth
[2025-05-27 20:33:53Z INFO CredentialManager] Creating credential type: OAuth
[2025-05-27 20:33:53Z INFO RSAFileKeyManager] Loading RSA key parameters from file /home/ubuntu/ProjectFakeNews/actions-runner/.credentials_rsaparams
[2025-05-27 20:34:44Z INFO ConfigurationStore] HasCredentials()
[2025-05-27 20:34:44Z INFO ConfigurationStore] stored True
[2025-05-27 20:34:44Z INFO CredentialManager] GetCredentialProvider
[2025-05-27 20:34:44Z INFO CredentialManager] Creating type OAuth
[2025-05-27 20:34:44Z INFO CredentialManager] Creating credential type: OAuth
[2025-05-27 20:34:44Z INFO RSAFileKeyManager] Loading RSA key parameters from file /home/ubuntu/ProjectFakeNews/actions-runner/.credentials_rsaparams
[2025-05-27 20:35:34Z INFO ConfigurationStore] HasCredentials()
[2025-05-27 20:35:34Z INFO ConfigurationStore] stored True
[2025-05-27 20:35:34Z INFO CredentialManager] GetCredentialProvider
[2025-05-27 20:35:34Z INFO CredentialManager] Creating type OAuth
[2025-05-27 20:35:34Z INFO CredentialManager] Creating credential type: OAuth
[2025-05-27 20:35:34Z INFO RSAFileKeyManager] Loading RSA key parameters from file /home/ubuntu/ProjectFakeNews/actions-runner/.credentials_rsaparams
[2025-05-27 20:36:25Z INFO ConfigurationStore] HasCredentials()
[2025-05-27 20:36:25Z INFO ConfigurationStore] stored True
[2025-05-27 20:36:25Z INFO CredentialManager] GetCredentialProvider
[2025-05-27 20:36:25Z INFO CredentialManager] Creating type OAuth
[2025-05-27 20:36:25Z INFO CredentialManager] Creating credential type: OAuth
[2025-05-27 20:36:25Z INFO RSAFileKeyManager] Loading RSA key parameters from file /home/ubuntu/ProjectFakeNews/actions-runner/.credentials_rsaparams
[2025-05-27 20:37:15Z INFO ConfigurationStore] HasCredentials()
[2025-05-27 20:37:15Z INFO ConfigurationStore] stored True
[2025-05-27 20:37:15Z INFO CredentialManager] GetCredentialProvider
[2025-05-27 20:37:15Z INFO CredentialManager] Creating type OAuth
[2025-05-27 20:37:15Z INFO CredentialManager] Creating credential type: OAuth
[2025-05-27 20:37:15Z INFO RSAFileKeyManager] Loading RSA key parameters from file /home/ubuntu/ProjectFakeNews/actions-runner/.credentials_rsaparams
[2025-05-27 20:38:06Z INFO ConfigurationStore] HasCredentials()
[2025-05-27 20:38:06Z INFO ConfigurationStore] stored True
[2025-05-27 20:38:06Z INFO CredentialManager] GetCredentialProvider
[2025-05-27 20:38:06Z INFO CredentialManager] Creating type OAuth
[2025-05-27 20:38:06Z INFO CredentialManager] Creating credential type: OAuth
[2025-05-27 20:38:06Z INFO RSAFileKeyManager] Loading RSA key parameters from file /home/ubuntu/ProjectFakeNews/actions-runner/.credentials_rsaparams
[2025-05-27 20:38:56Z INFO ConfigurationStore] HasCredentials()
[2025-05-27 20:38:56Z INFO ConfigurationStore] stored True
[2025-05-27 20:38:56Z INFO CredentialManager] GetCredentialProvider
[2025-05-27 20:38:56Z INFO CredentialManager] Creating type OAuth
[2025-05-27 20:38:56Z INFO CredentialManager] Creating credential type: OAuth
[2025-05-27 20:38:56Z INFO RSAFileKeyManager] Loading RSA key parameters from file /home/ubuntu/ProjectFakeNews/actions-runner/.credentials_rsaparams
[2025-05-27 20:39:47Z INFO ConfigurationStore] HasCredentials()
[2025-05-27 20:39:47Z INFO ConfigurationStore] stored True
[2025-05-27 20:39:47Z INFO CredentialManager] GetCredentialProvider
[2025-05-27 20:39:47Z INFO CredentialManager] Creating type OAuth
[2025-05-27 20:39:47Z INFO CredentialManager] Creating credential type: OAuth
[2025-05-27 20:39:47Z INFO RSAFileKeyManager] Loading RSA key parameters from file /home/ubuntu/ProjectFakeNews/actions-runner/.credentials_rsaparams
[2025-05-27 20:40:37Z INFO ConfigurationStore] HasCredentials()
[2025-05-27 20:40:37Z INFO ConfigurationStore] stored True
[2025-05-27 20:40:37Z INFO CredentialManager] GetCredentialProvider
[2025-05-27 20:40:37Z INFO CredentialManager] Creating type OAuth
[2025-05-27 20:40:37Z INFO CredentialManager] Creating credential type: OAuth
[2025-05-27 20:40:37Z INFO RSAFileKeyManager] Loading RSA key parameters from file /home/ubuntu/ProjectFakeNews/actions-runner/.credentials_rsaparams
[2025-05-27 20:41:27Z INFO ConfigurationStore] HasCredentials()
[2025-05-27 20:41:27Z INFO ConfigurationStore] stored True
[2025-05-27 20:41:27Z INFO CredentialManager] GetCredentialProvider
[2025-05-27 20:41:27Z INFO CredentialManager] Creating type OAuth
[2025-05-27 20:41:27Z INFO CredentialManager] Creating credential type: OAuth
[2025-05-27 20:41:27Z INFO RSAFileKeyManager] Loading RSA key parameters from file /home/ubuntu/ProjectFakeNews/actions-runner/.credentials_rsaparams
[2025-05-27 20:42:18Z INFO ConfigurationStore] HasCredentials()
[2025-05-27 20:42:18Z INFO ConfigurationStore] stored True
[2025-05-27 20:42:18Z INFO CredentialManager] GetCredentialProvider
[2025-05-27 20:42:18Z INFO CredentialManager] Creating type OAuth
[2025-05-27 20:42:18Z INFO CredentialManager] Creating credential type: OAuth
[2025-05-27 20:42:18Z INFO RSAFileKeyManager] Loading RSA key parameters from file /home/ubuntu/ProjectFakeNews/actions-runner/.credentials_rsaparams
[2025-05-27 20:43:08Z INFO ConfigurationStore] HasCredentials()
[2025-05-27 20:43:08Z INFO ConfigurationStore] stored True
[2025-05-27 20:43:08Z INFO CredentialManager] GetCredentialProvider
[2025-05-27 20:43:08Z INFO CredentialManager] Creating type OAuth
[2025-05-27 20:43:08Z INFO CredentialManager] Creating credential type: OAuth
[2025-05-27 20:43:08Z INFO RSAFileKeyManager] Loading RSA key parameters from file /home/ubuntu/ProjectFakeNews/actions-runner/.credentials_rsaparams
[2025-05-27 20:43:59Z INFO ConfigurationStore] HasCredentials()
[2025-05-27 20:43:59Z INFO ConfigurationStore] stored True
[2025-05-27 20:43:59Z INFO CredentialManager] GetCredentialProvider
[2025-05-27 20:43:59Z INFO CredentialManager] Creating type OAuth
[2025-05-27 20:43:59Z INFO CredentialManager] Creating credential type: OAuth
[2025-05-27 20:43:59Z INFO RSAFileKeyManager] Loading RSA key parameters from file /home/ubuntu/ProjectFakeNews/actions-runner/.credentials_rsaparams
[2025-05-27 20:44:49Z INFO ConfigurationStore] HasCredentials()
[2025-05-27 20:44:49Z INFO ConfigurationStore] stored True
[2025-05-27 20:44:49Z INFO CredentialManager] GetCredentialProvider
[2025-05-27 20:44:49Z INFO CredentialManager] Creating type OAuth
[2025-05-27 20:44:49Z INFO CredentialManager] Creating credential type: OAuth
[2025-05-27 20:44:49Z INFO RSAFileKeyManager] Loading RSA key parameters from file /home/ubuntu/ProjectFakeNews/actions-runner/.credentials_rsaparams
[2025-05-27 20:45:40Z INFO ConfigurationStore] HasCredentials()
[2025-05-27 20:45:40Z INFO ConfigurationStore] stored True
[2025-05-27 20:45:40Z INFO CredentialManager] GetCredentialProvider
[2025-05-27 20:45:40Z INFO CredentialManager] Creating type OAuth
[2025-05-27 20:45:40Z INFO CredentialManager] Creating credential type: OAuth
[2025-05-27 20:45:40Z INFO RSAFileKeyManager] Loading RSA key parameters from file /home/ubuntu/ProjectFakeNews/actions-runner/.credentials_rsaparams
[2025-05-27 20:46:30Z INFO ConfigurationStore] HasCredentials()
[2025-05-27 20:46:30Z INFO ConfigurationStore] stored True
[2025-05-27 20:46:30Z INFO CredentialManager] GetCredentialProvider
[2025-05-27 20:46:30Z INFO CredentialManager] Creating type OAuth
[2025-05-27 20:46:30Z INFO CredentialManager] Creating credential type: OAuth
[2025-05-27 20:46:30Z INFO RSAFileKeyManager] Loading RSA key parameters from file /home/ubuntu/ProjectFakeNews/actions-runner/.credentials_rsaparams
[2025-05-27 20:47:21Z INFO ConfigurationStore] HasCredentials()
[2025-05-27 20:47:21Z INFO ConfigurationStore] stored True
[2025-05-27 20:47:21Z INFO CredentialManager] GetCredentialProvider
[2025-05-27 20:47:21Z INFO CredentialManager] Creating type OAuth
[2025-05-27 20:47:21Z INFO CredentialManager] Creating credential type: OAuth
[2025-05-27 20:47:21Z INFO RSAFileKeyManager] Loading RSA key parameters from file /home/ubuntu/ProjectFakeNews/actions-runner/.credentials_rsaparams
[2025-05-27 20:48:11Z INFO ConfigurationStore] HasCredentials()
[2025-05-27 20:48:11Z INFO ConfigurationStore] stored True
[2025-05-27 20:48:11Z INFO CredentialManager] GetCredentialProvider
[2025-05-27 20:48:11Z INFO CredentialManager] Creating type OAuth
[2025-05-27 20:48:11Z INFO CredentialManager] Creating credential type: OAuth
[2025-05-27 20:48:11Z INFO RSAFileKeyManager] Loading RSA key parameters from file /home/ubuntu/ProjectFakeNews/actions-runner/.credentials_rsaparams
[2025-05-27 20:49:01Z INFO ConfigurationStore] HasCredentials()
[2025-05-27 20:49:01Z INFO ConfigurationStore] stored True
[2025-05-27 20:49:01Z INFO CredentialManager] GetCredentialProvider
[2025-05-27 20:49:01Z INFO CredentialManager] Creating type OAuth
[2025-05-27 20:49:01Z INFO CredentialManager] Creating credential type: OAuth
[2025-05-27 20:49:01Z INFO RSAFileKeyManager] Loading RSA key parameters from file /home/ubuntu/ProjectFakeNews/actions-runner/.credentials_rsaparams
[2025-05-27 20:49:52Z INFO ConfigurationStore] HasCredentials()
[2025-05-27 20:49:52Z INFO ConfigurationStore] stored True
[2025-05-27 20:49:52Z INFO CredentialManager] GetCredentialProvider
[2025-05-27 20:49:52Z INFO CredentialManager] Creating type OAuth
[2025-05-27 20:49:52Z INFO CredentialManager] Creating credential type: OAuth
[2025-05-27 20:49:52Z INFO RSAFileKeyManager] Loading RSA key parameters from file /home/ubuntu/ProjectFakeNews/actions-runner/.credentials_rsaparams
[2025-05-27 20:50:42Z INFO ConfigurationStore] HasCredentials()
[2025-05-27 20:50:42Z INFO ConfigurationStore] stored True
[2025-05-27 20:50:42Z INFO CredentialManager] GetCredentialProvider
[2025-05-27 20:50:42Z INFO CredentialManager] Creating type OAuth
[2025-05-27 20:50:42Z INFO CredentialManager] Creating credential type: OAuth
[2025-05-27 20:50:42Z INFO RSAFileKeyManager] Loading RSA key parameters from file /home/ubuntu/ProjectFakeNews/actions-runner/.credentials_rsaparams
[2025-05-27 20:51:33Z INFO ConfigurationStore] HasCredentials()
[2025-05-27 20:51:33Z INFO ConfigurationStore] stored True
[2025-05-27 20:51:33Z INFO CredentialManager] GetCredentialProvider
[2025-05-27 20:51:33Z INFO CredentialManager] Creating type OAuth
[2025-05-27 20:51:33Z INFO CredentialManager] Creating credential type: OAuth
[2025-05-27 20:51:33Z INFO RSAFileKeyManager] Loading RSA key parameters from file /home/ubuntu/ProjectFakeNews/actions-runner/.credentials_rsaparams
