[2025-05-27 21:06:18Z INFO HostContext] No proxy settings were found based on environmental variables (http_proxy/https_proxy/HTTP_PROXY/HTTPS_PROXY)
[2025-05-27 21:06:18Z INFO HostContext] Well known directory 'Bin': '/home/ubuntu/ProjectFakeNews/actions-runner/bin'
[2025-05-27 21:06:18Z INFO HostContext] Well known directory 'Root': '/home/ubuntu/ProjectFakeNews/actions-runner'
[2025-05-27 21:06:18Z INFO HostContext] Well known config file 'Credentials': '/home/ubuntu/ProjectFakeNews/actions-runner/.credentials'
[2025-05-27 21:06:18Z INFO HostContext] Well known directory 'Bin': '/home/ubuntu/ProjectFakeNews/actions-runner/bin'
[2025-05-27 21:06:18Z INFO HostContext] Well known directory 'Root': '/home/ubuntu/ProjectFakeNews/actions-runner'
[2025-05-27 21:06:18Z INFO HostContext] Well known config file 'Runner': '/home/ubuntu/ProjectFakeNews/actions-runner/.runner'
[2025-05-27 21:06:18Z INFO Listener] Runner is built for Linux (X64) - linux-x64.
[2025-05-27 21:06:18Z INFO Listener] RuntimeInformation: Ubuntu 24.04.2 LTS.
[2025-05-27 21:06:18Z INFO Listener] Version: 2.324.0
[2025-05-27 21:06:18Z INFO Listener] Commit: da3412efd49b1cf1a0fbdcbcee4e4ac4cc2177c8
[2025-05-27 21:06:18Z INFO Listener] Culture: 
[2025-05-27 21:06:18Z INFO Listener] UI Culture: 
[2025-05-27 21:06:18Z INFO HostContext] Well known directory 'Bin': '/home/ubuntu/ProjectFakeNews/actions-runner/bin'
[2025-05-27 21:06:18Z INFO HostContext] Well known directory 'Root': '/home/ubuntu/ProjectFakeNews/actions-runner'
[2025-05-27 21:06:18Z INFO Listener] Validating directory permissions for: '/home/ubuntu/ProjectFakeNews/actions-runner'
[2025-05-27 21:06:18Z INFO CommandLineParser] Parse
[2025-05-27 21:06:18Z INFO CommandLineParser] Parsing 1 args
[2025-05-27 21:06:18Z INFO CommandLineParser] parsing argument
[2025-05-27 21:06:18Z INFO CommandLineParser] HasArgs: False
[2025-05-27 21:06:18Z INFO CommandLineParser] Adding Command: run
[2025-05-27 21:06:18Z INFO Listener] Arguments parsed
[2025-05-27 21:06:18Z INFO Runner] ExecuteCommand
[2025-05-27 21:06:18Z INFO ConfigurationStore] currentAssemblyLocation: /home/ubuntu/ProjectFakeNews/actions-runner/bin/Runner.Listener.dll
[2025-05-27 21:06:18Z INFO HostContext] Well known directory 'Bin': '/home/ubuntu/ProjectFakeNews/actions-runner/bin'
[2025-05-27 21:06:18Z INFO ConfigurationStore] binPath: /home/ubuntu/ProjectFakeNews/actions-runner/bin
[2025-05-27 21:06:18Z INFO HostContext] Well known directory 'Bin': '/home/ubuntu/ProjectFakeNews/actions-runner/bin'
[2025-05-27 21:06:18Z INFO HostContext] Well known directory 'Root': '/home/ubuntu/ProjectFakeNews/actions-runner'
[2025-05-27 21:06:18Z INFO ConfigurationStore] RootFolder: /home/ubuntu/ProjectFakeNews/actions-runner
[2025-05-27 21:06:18Z INFO HostContext] Well known directory 'Bin': '/home/ubuntu/ProjectFakeNews/actions-runner/bin'
[2025-05-27 21:06:18Z INFO HostContext] Well known directory 'Root': '/home/ubuntu/ProjectFakeNews/actions-runner'
[2025-05-27 21:06:18Z INFO HostContext] Well known config file 'Runner': '/home/ubuntu/ProjectFakeNews/actions-runner/.runner'
[2025-05-27 21:06:18Z INFO ConfigurationStore] ConfigFilePath: /home/ubuntu/ProjectFakeNews/actions-runner/.runner
[2025-05-27 21:06:18Z INFO HostContext] Well known directory 'Bin': '/home/ubuntu/ProjectFakeNews/actions-runner/bin'
[2025-05-27 21:06:18Z INFO HostContext] Well known directory 'Root': '/home/ubuntu/ProjectFakeNews/actions-runner'
[2025-05-27 21:06:18Z INFO HostContext] Well known config file 'MigratedRunner': '/home/ubuntu/ProjectFakeNews/actions-runner/.runner_migrated'
[2025-05-27 21:06:18Z INFO ConfigurationStore] MigratedConfigFilePath: /home/ubuntu/ProjectFakeNews/actions-runner/.runner_migrated
[2025-05-27 21:06:18Z INFO HostContext] Well known directory 'Bin': '/home/ubuntu/ProjectFakeNews/actions-runner/bin'
[2025-05-27 21:06:18Z INFO HostContext] Well known directory 'Root': '/home/ubuntu/ProjectFakeNews/actions-runner'
[2025-05-27 21:06:18Z INFO HostContext] Well known config file 'Credentials': '/home/ubuntu/ProjectFakeNews/actions-runner/.credentials'
[2025-05-27 21:06:18Z INFO ConfigurationStore] CredFilePath: /home/ubuntu/ProjectFakeNews/actions-runner/.credentials
[2025-05-27 21:06:18Z INFO HostContext] Well known directory 'Bin': '/home/ubuntu/ProjectFakeNews/actions-runner/bin'
[2025-05-27 21:06:18Z INFO HostContext] Well known directory 'Root': '/home/ubuntu/ProjectFakeNews/actions-runner'
[2025-05-27 21:06:18Z INFO HostContext] Well known config file 'MigratedCredentials': '/home/ubuntu/ProjectFakeNews/actions-runner/.credentials_migrated'
[2025-05-27 21:06:18Z INFO ConfigurationStore] MigratedCredFilePath: /home/ubuntu/ProjectFakeNews/actions-runner/.credentials_migrated
[2025-05-27 21:06:18Z INFO HostContext] Well known directory 'Bin': '/home/ubuntu/ProjectFakeNews/actions-runner/bin'
[2025-05-27 21:06:18Z INFO HostContext] Well known directory 'Root': '/home/ubuntu/ProjectFakeNews/actions-runner'
[2025-05-27 21:06:18Z INFO HostContext] Well known config file 'Service': '/home/ubuntu/ProjectFakeNews/actions-runner/.service'
[2025-05-27 21:06:18Z INFO ConfigurationStore] ServiceConfigFilePath: /home/ubuntu/ProjectFakeNews/actions-runner/.service
[2025-05-27 21:06:18Z INFO CommandSettings] Flag 'help': 'False'
[2025-05-27 21:06:18Z INFO CommandSettings] Flag 'version': 'False'
[2025-05-27 21:06:18Z INFO CommandSettings] Flag 'commit': 'False'
[2025-05-27 21:06:18Z INFO CommandSettings] Flag 'check': 'False'
[2025-05-27 21:06:18Z INFO CommandSettings] Command 'configure': 'False'
[2025-05-27 21:06:18Z INFO CommandSettings] Command 'remove': 'False'
[2025-05-27 21:06:18Z INFO CommandSettings] Command 'warmup': 'False'
[2025-05-27 21:06:18Z INFO ConfigurationManager] LoadSettings
[2025-05-27 21:06:18Z INFO ConfigurationStore] IsConfigured()
[2025-05-27 21:06:18Z INFO ConfigurationStore] IsConfigured: True
[2025-05-27 21:06:18Z INFO ConfigurationManager] Is configured: True
[2025-05-27 21:06:18Z INFO ConfigurationStore] Read setting file: 314 chars
[2025-05-27 21:06:18Z INFO ConfigurationManager] Settings Loaded
[2025-05-27 21:06:18Z INFO ConfigurationStore] IsServiceConfigured()
[2025-05-27 21:06:18Z INFO ConfigurationStore] IsServiceConfigured: False
[2025-05-27 21:06:18Z INFO CommandSettings] Command 'run': 'True'
[2025-05-27 21:06:18Z INFO ConfigurationStore] IsConfigured()
[2025-05-27 21:06:18Z INFO ConfigurationStore] IsConfigured: True
[2025-05-27 21:06:18Z INFO ConfigurationManager] Is configured: True
[2025-05-27 21:06:18Z INFO Runner] Could not parse the argument value '' for StartupType. Defaulting to Manual
[2025-05-27 21:06:18Z INFO Runner] Set runner startup type - Manual
[2025-05-27 21:06:18Z INFO CommandSettings] Flag 'once': 'False'
[2025-05-27 21:06:18Z INFO CommandSettings] Flag 'once': 'False'
[2025-05-27 21:06:18Z INFO Runner] RunAsync
[2025-05-27 21:06:18Z INFO ConfigurationManager] LoadMigratedSettings
[2025-05-27 21:06:18Z INFO ConfigurationStore] IsMigratedConfigured()
[2025-05-27 21:06:18Z INFO ConfigurationStore] IsMigratedConfigured: False
[2025-05-27 21:06:18Z INFO Runner] Failed to load migrated settings: No migrated configuration found.
[2025-05-27 21:06:18Z INFO Runner] Falling back to original .runner settings
[2025-05-27 21:06:18Z INFO ConfigurationManager] LoadSettings
[2025-05-27 21:06:18Z INFO ConfigurationStore] IsConfigured()
[2025-05-27 21:06:18Z INFO ConfigurationStore] IsConfigured: True
[2025-05-27 21:06:18Z INFO ConfigurationManager] Is configured: True
[2025-05-27 21:06:18Z INFO ConfigurationManager] Settings Loaded
[2025-05-27 21:06:18Z INFO MessageListener] {
  "AgentId": 2,
  "AgentName": "ip-172-31-7-237",
  "PoolId": 1,
  "PoolName": "Default",
  "ServerUrl": "https://pipelinesghubeus14.actions.githubusercontent.com/loYwX4HvREyqx8XpENlyZweQalCMO4kq70gdEsNuMuXlJhRR6F/",
  "GitHubUrl": "https://github.com/abhimanyusingh18/ProjectFakeNews",
  "WorkFolder": "_work"
}
[2025-05-27 21:06:18Z INFO MessageListener] Loading Credentials
[2025-05-27 21:06:18Z INFO ConfigurationStore] HasCredentials()
[2025-05-27 21:06:18Z INFO ConfigurationStore] stored True
[2025-05-27 21:06:18Z INFO CredentialManager] GetCredentialProvider
[2025-05-27 21:06:18Z INFO CredentialManager] Creating type OAuth
[2025-05-27 21:06:18Z INFO CredentialManager] Creating credential type: OAuth
[2025-05-27 21:06:18Z INFO HostContext] Well known directory 'Bin': '/home/ubuntu/ProjectFakeNews/actions-runner/bin'
[2025-05-27 21:06:18Z INFO HostContext] Well known directory 'Root': '/home/ubuntu/ProjectFakeNews/actions-runner'
[2025-05-27 21:06:18Z INFO HostContext] Well known config file 'RSACredentials': '/home/ubuntu/ProjectFakeNews/actions-runner/.credentials_rsaparams'
[2025-05-27 21:06:18Z INFO RSAFileKeyManager] Loading RSA key parameters from file /home/ubuntu/ProjectFakeNews/actions-runner/.credentials_rsaparams
[2025-05-27 21:06:18Z INFO MessageListener] Attempt to create session.
[2025-05-27 21:06:18Z INFO MessageListener] Connecting to the Runner Server...
[2025-05-27 21:06:18Z INFO RunnerServer] EstablishVssConnection
[2025-05-27 21:06:18Z INFO RunnerServer] Establish connection with 100 seconds timeout.
[2025-05-27 21:06:18Z INFO GitHubActionsService] Starting operation Location.GetConnectionData
[2025-05-27 21:06:18Z INFO RunnerServer] EstablishVssConnection
[2025-05-27 21:06:18Z INFO RunnerServer] Establish connection with 60 seconds timeout.
[2025-05-27 21:06:18Z INFO GitHubActionsService] Starting operation Location.GetConnectionData
[2025-05-27 21:06:18Z INFO RunnerServer] EstablishVssConnection
[2025-05-27 21:06:18Z INFO RunnerServer] Establish connection with 60 seconds timeout.
[2025-05-27 21:06:18Z INFO GitHubActionsService] Starting operation Location.GetConnectionData
[2025-05-27 21:06:19Z INFO GitHubActionsService] Finished operation Location.GetConnectionData
[2025-05-27 21:06:19Z INFO GitHubActionsService] Finished operation Location.GetConnectionData
[2025-05-27 21:06:19Z INFO GitHubActionsService] Finished operation Location.GetConnectionData
[2025-05-27 21:06:19Z INFO MessageListener] VssConnection created
[2025-05-27 21:06:19Z INFO Terminal] WRITE LINE: 
[2025-05-27 21:06:19Z INFO Terminal] WRITE LINE: 
[2025-05-27 21:06:20Z INFO RSAFileKeyManager] Loading RSA key parameters from file /home/ubuntu/ProjectFakeNews/actions-runner/.credentials_rsaparams
[2025-05-27 21:06:20Z INFO RSAFileKeyManager] Loading RSA key parameters from file /home/ubuntu/ProjectFakeNews/actions-runner/.credentials_rsaparams
[2025-05-27 21:06:20Z INFO GitHubActionsService] AAD Correlation ID for this token request: Unknown
[2025-05-27 21:06:21Z ERR  GitHubActionsService] POST request to https://pipelinesghubeus14.actions.githubusercontent.com/loYwX4HvREyqx8XpENlyZweQalCMO4kq70gdEsNuMuXlJhRR6F/_apis/distributedtask/pools/1/sessions failed. HTTP Status: Conflict
[2025-05-27 21:06:21Z ERR  MessageListener] Catch exception during create session.
[2025-05-27 21:06:21Z ERR  MessageListener] GitHub.DistributedTask.WebApi.TaskAgentSessionConflictException: The actions runner ip-172-31-7-237 already has an active session.
   at GitHub.Services.WebApi.VssHttpClientBase.HandleResponseAsync(HttpResponseMessage response, CancellationToken cancellationToken)
   at GitHub.Services.WebApi.VssHttpClientBase.SendAsync(HttpRequestMessage message, HttpCompletionOption completionOption, Object userState, CancellationToken cancellationToken)
   at GitHub.Services.WebApi.VssHttpClientBase.SendAsync[T](HttpRequestMessage message, Object userState, CancellationToken cancellationToken)
   at GitHub.Services.WebApi.VssHttpClientBase.SendAsync[T](HttpMethod method, IEnumerable`1 additionalHeaders, Guid locationId, Object routeValues, ApiResourceVersion version, HttpContent content, IEnumerable`1 queryParameters, Object userState, CancellationToken cancellationToken)
   at GitHub.Runner.Listener.MessageListener.CreateSessionAsync(CancellationToken token)
[2025-05-27 21:06:21Z INFO MessageListener] The session for this runner already exists.
[2025-05-27 21:06:21Z ERR  Terminal] WRITE ERROR: A session for this runner already exists.
[2025-05-27 21:06:21Z INFO MessageListener] The session conflict exception haven't reached retry limit.
[2025-05-27 21:06:21Z ERR  Terminal] WRITE ERROR: 2025-05-27 21:06:21Z: Runner connect error: The actions runner ip-172-31-7-237 already has an active session.. Retrying until reconnected.
[2025-05-27 21:06:21Z INFO MessageListener] Sleeping for 30 seconds before retrying.
[2025-05-27 21:06:36Z INFO Terminal] WRITE LINE: Exiting...
[2025-05-27 21:06:36Z INFO ConfigurationStore] IsServiceConfigured()
[2025-05-27 21:06:36Z INFO ConfigurationStore] IsServiceConfigured: False
[2025-05-27 21:06:36Z INFO HostContext] Runner will be shutdown for UserCancelled
[2025-05-27 21:06:36Z INFO Listener] Runner execution been cancelled.
