[2025-05-27 20:09:06Z INFO HostContext] No proxy settings were found based on environmental variables (http_proxy/https_proxy/HTTP_PROXY/HTTPS_PROXY)
[2025-05-27 20:09:06Z INFO HostContext] Well known directory 'Bin': '/home/ubuntu/ProjectFakeNews/actions-runner/bin'
[2025-05-27 20:09:06Z INFO HostContext] Well known directory 'Root': '/home/ubuntu/ProjectFakeNews/actions-runner'
[2025-05-27 20:09:06Z INFO HostContext] Well known config file 'Credentials': '/home/ubuntu/ProjectFakeNews/actions-runner/.credentials'
[2025-05-27 20:09:06Z INFO HostContext] Well known directory 'Bin': '/home/ubuntu/ProjectFakeNews/actions-runner/bin'
[2025-05-27 20:09:06Z INFO HostContext] Well known directory 'Root': '/home/ubuntu/ProjectFakeNews/actions-runner'
[2025-05-27 20:09:06Z INFO HostContext] Well known config file 'Runner': '/home/ubuntu/ProjectFakeNews/actions-runner/.runner'
[2025-05-27 20:09:06Z INFO Listener] Runner is built for Linux (X64) - linux-x64.
[2025-05-27 20:09:06Z INFO Listener] RuntimeInformation: Ubuntu 24.04.2 LTS.
[2025-05-27 20:09:06Z INFO Listener] Version: 2.324.0
[2025-05-27 20:09:06Z INFO Listener] Commit: da3412efd49b1cf1a0fbdcbcee4e4ac4cc2177c8
[2025-05-27 20:09:06Z INFO Listener] Culture: 
[2025-05-27 20:09:06Z INFO Listener] UI Culture: 
[2025-05-27 20:09:06Z INFO HostContext] Well known directory 'Bin': '/home/ubuntu/ProjectFakeNews/actions-runner/bin'
[2025-05-27 20:09:06Z INFO HostContext] Well known directory 'Root': '/home/ubuntu/ProjectFakeNews/actions-runner'
[2025-05-27 20:09:06Z INFO Listener] Validating directory permissions for: '/home/ubuntu/ProjectFakeNews/actions-runner'
[2025-05-27 20:09:06Z INFO CommandLineParser] Parse
[2025-05-27 20:09:06Z INFO CommandLineParser] Parsing 5 args
[2025-05-27 20:09:06Z INFO CommandLineParser] parsing argument
[2025-05-27 20:09:06Z INFO CommandLineParser] HasArgs: False
[2025-05-27 20:09:06Z INFO CommandLineParser] Adding Command: configure
[2025-05-27 20:09:06Z INFO CommandLineParser] parsing argument
[2025-05-27 20:09:06Z INFO CommandLineParser] HasArgs: True
[2025-05-27 20:09:06Z INFO CommandLineParser] arg: url
[2025-05-27 20:09:06Z INFO CommandLineParser] parsing argument
[2025-05-27 20:09:06Z INFO CommandLineParser] HasArgs: True
[2025-05-27 20:09:06Z INFO CommandLineParser] Adding option 'url': 'https://github.com/abhimanyusingh18/ProjectFakeNews'
[2025-05-27 20:09:06Z INFO CommandLineParser] parsing argument
[2025-05-27 20:09:06Z INFO CommandLineParser] HasArgs: True
[2025-05-27 20:09:06Z INFO CommandLineParser] arg: token
[2025-05-27 20:09:06Z INFO CommandLineParser] parsing argument
[2025-05-27 20:09:06Z INFO CommandLineParser] HasArgs: True
[2025-05-27 20:09:06Z INFO CommandLineParser] Adding option 'token': '***'
[2025-05-27 20:09:06Z INFO Listener] Arguments parsed
[2025-05-27 20:09:06Z INFO Runner] ExecuteCommand
[2025-05-27 20:09:06Z INFO ConfigurationStore] currentAssemblyLocation: /home/ubuntu/ProjectFakeNews/actions-runner/bin/Runner.Listener.dll
[2025-05-27 20:09:06Z INFO HostContext] Well known directory 'Bin': '/home/ubuntu/ProjectFakeNews/actions-runner/bin'
[2025-05-27 20:09:06Z INFO ConfigurationStore] binPath: /home/ubuntu/ProjectFakeNews/actions-runner/bin
[2025-05-27 20:09:06Z INFO HostContext] Well known directory 'Bin': '/home/ubuntu/ProjectFakeNews/actions-runner/bin'
[2025-05-27 20:09:06Z INFO HostContext] Well known directory 'Root': '/home/ubuntu/ProjectFakeNews/actions-runner'
[2025-05-27 20:09:06Z INFO ConfigurationStore] RootFolder: /home/ubuntu/ProjectFakeNews/actions-runner
[2025-05-27 20:09:06Z INFO HostContext] Well known directory 'Bin': '/home/ubuntu/ProjectFakeNews/actions-runner/bin'
[2025-05-27 20:09:06Z INFO HostContext] Well known directory 'Root': '/home/ubuntu/ProjectFakeNews/actions-runner'
[2025-05-27 20:09:06Z INFO HostContext] Well known config file 'Runner': '/home/ubuntu/ProjectFakeNews/actions-runner/.runner'
[2025-05-27 20:09:06Z INFO ConfigurationStore] ConfigFilePath: /home/ubuntu/ProjectFakeNews/actions-runner/.runner
[2025-05-27 20:09:06Z INFO HostContext] Well known directory 'Bin': '/home/ubuntu/ProjectFakeNews/actions-runner/bin'
[2025-05-27 20:09:06Z INFO HostContext] Well known directory 'Root': '/home/ubuntu/ProjectFakeNews/actions-runner'
[2025-05-27 20:09:06Z INFO HostContext] Well known config file 'MigratedRunner': '/home/ubuntu/ProjectFakeNews/actions-runner/.runner_migrated'
[2025-05-27 20:09:06Z INFO ConfigurationStore] MigratedConfigFilePath: /home/ubuntu/ProjectFakeNews/actions-runner/.runner_migrated
[2025-05-27 20:09:06Z INFO HostContext] Well known directory 'Bin': '/home/ubuntu/ProjectFakeNews/actions-runner/bin'
[2025-05-27 20:09:06Z INFO HostContext] Well known directory 'Root': '/home/ubuntu/ProjectFakeNews/actions-runner'
[2025-05-27 20:09:06Z INFO HostContext] Well known config file 'Credentials': '/home/ubuntu/ProjectFakeNews/actions-runner/.credentials'
[2025-05-27 20:09:06Z INFO ConfigurationStore] CredFilePath: /home/ubuntu/ProjectFakeNews/actions-runner/.credentials
[2025-05-27 20:09:06Z INFO HostContext] Well known directory 'Bin': '/home/ubuntu/ProjectFakeNews/actions-runner/bin'
[2025-05-27 20:09:06Z INFO HostContext] Well known directory 'Root': '/home/ubuntu/ProjectFakeNews/actions-runner'
[2025-05-27 20:09:06Z INFO HostContext] Well known config file 'MigratedCredentials': '/home/ubuntu/ProjectFakeNews/actions-runner/.credentials_migrated'
[2025-05-27 20:09:06Z INFO ConfigurationStore] MigratedCredFilePath: /home/ubuntu/ProjectFakeNews/actions-runner/.credentials_migrated
[2025-05-27 20:09:06Z INFO HostContext] Well known directory 'Bin': '/home/ubuntu/ProjectFakeNews/actions-runner/bin'
[2025-05-27 20:09:06Z INFO HostContext] Well known directory 'Root': '/home/ubuntu/ProjectFakeNews/actions-runner'
[2025-05-27 20:09:06Z INFO HostContext] Well known config file 'Service': '/home/ubuntu/ProjectFakeNews/actions-runner/.service'
[2025-05-27 20:09:06Z INFO ConfigurationStore] ServiceConfigFilePath: /home/ubuntu/ProjectFakeNews/actions-runner/.service
[2025-05-27 20:09:06Z INFO CommandSettings] Flag 'help': 'False'
[2025-05-27 20:09:06Z INFO CommandSettings] Flag 'version': 'False'
[2025-05-27 20:09:06Z INFO CommandSettings] Flag 'commit': 'False'
[2025-05-27 20:09:06Z INFO CommandSettings] Flag 'check': 'False'
[2025-05-27 20:09:06Z INFO CommandSettings] Command 'configure': 'True'
[2025-05-27 20:09:06Z INFO Terminal] WRITE LINE: 
[2025-05-27 20:09:06Z INFO Terminal] WRITE LINE: --------------------------------------------------------------------------------
[2025-05-27 20:09:06Z INFO Terminal] WRITE LINE: |        ____ _ _   _   _       _          _        _   _                      |
[2025-05-27 20:09:06Z INFO Terminal] WRITE LINE: |       / ___(_) |_| | | |_   _| |__      / \   ___| |_(_) ___  _ __  ___      |
[2025-05-27 20:09:06Z INFO Terminal] WRITE LINE: |      | |  _| | __| |_| | | | | '_ \    / _ \ / __| __| |/ _ \| '_ \/ __|     |
[2025-05-27 20:09:06Z INFO Terminal] WRITE LINE: |      | |_| | | |_|  _  | |_| | |_) |  / ___ \ (__| |_| | (_) | | | \__ \     |
[2025-05-27 20:09:06Z INFO Terminal] WRITE LINE: |       \____|_|\__|_| |_|\__,_|_.__/  /_/   \_\___|\__|_|\___/|_| |_|___/     |
[2025-05-27 20:09:06Z INFO Terminal] WRITE LINE: |                                                                              |
[2025-05-27 20:09:06Z INFO Terminal] WRITE: |                       
[2025-05-27 20:09:06Z INFO Terminal] WRITE: Self-hosted runner registration
[2025-05-27 20:09:06Z INFO Terminal] WRITE LINE:                         |
[2025-05-27 20:09:06Z INFO Terminal] WRITE LINE: |                                                                              |
[2025-05-27 20:09:06Z INFO Terminal] WRITE LINE: --------------------------------------------------------------------------------
[2025-05-27 20:09:06Z INFO ConfigurationManager] ConfigureAsync
[2025-05-27 20:09:06Z INFO CommandSettings] Flag 'generateServiceConfig': 'False'
[2025-05-27 20:09:06Z INFO ConfigurationStore] IsConfigured()
[2025-05-27 20:09:06Z INFO ConfigurationStore] IsConfigured: False
[2025-05-27 20:09:06Z INFO ConfigurationManager] Is configured: False
[2025-05-27 20:09:06Z INFO CommandSettings] Arg 'url': 'https://github.com/abhimanyusingh18/ProjectFakeNews'
[2025-05-27 20:09:06Z INFO CommandSettings] Remove url from Arg dictionary.
[2025-05-27 20:09:07Z INFO CommandSettings] Arg 'token': '***'
[2025-05-27 20:09:07Z INFO CommandSettings] Remove token from Arg dictionary.
[2025-05-27 20:09:07Z INFO ConfigurationManager] Http response code: OK from 'POST https://api.github.com/actions/runner-registration' (D372:E6749:8563C:ADE60:68361BE3)
[2025-05-27 20:09:07Z INFO ConfigurationManager] Using V2 flow: False
[2025-05-27 20:09:07Z INFO ConfigurationManager] cred retrieved via GitHub auth
[2025-05-27 20:09:07Z INFO RunnerServer] EstablishVssConnection
[2025-05-27 20:09:07Z INFO RunnerServer] Establish connection with 100 seconds timeout.
[2025-05-27 20:09:07Z INFO GitHubActionsService] Starting operation Location.GetConnectionData
[2025-05-27 20:09:07Z INFO RunnerServer] EstablishVssConnection
[2025-05-27 20:09:07Z INFO RunnerServer] Establish connection with 60 seconds timeout.
[2025-05-27 20:09:07Z INFO GitHubActionsService] Starting operation Location.GetConnectionData
[2025-05-27 20:09:07Z INFO RunnerServer] EstablishVssConnection
[2025-05-27 20:09:07Z INFO RunnerServer] Establish connection with 60 seconds timeout.
[2025-05-27 20:09:07Z INFO GitHubActionsService] Starting operation Location.GetConnectionData
[2025-05-27 20:09:08Z INFO GitHubActionsService] Finished operation Location.GetConnectionData
[2025-05-27 20:09:08Z INFO GitHubActionsService] Finished operation Location.GetConnectionData
[2025-05-27 20:09:09Z INFO GitHubActionsService] Finished operation Location.GetConnectionData
[2025-05-27 20:09:09Z INFO Terminal] WRITE LINE: 
[2025-05-27 20:09:09Z INFO ConfigurationManager] Test Connection complete.
[2025-05-27 20:09:09Z INFO HostContext] Well known directory 'Bin': '/home/ubuntu/ProjectFakeNews/actions-runner/bin'
[2025-05-27 20:09:09Z INFO HostContext] Well known directory 'Root': '/home/ubuntu/ProjectFakeNews/actions-runner'
[2025-05-27 20:09:09Z INFO HostContext] Well known config file 'RSACredentials': '/home/ubuntu/ProjectFakeNews/actions-runner/.credentials_rsaparams'
[2025-05-27 20:09:09Z INFO RSAFileKeyManager] Creating new RSA key using 2048-bit key length
[2025-05-27 20:09:09Z INFO RSAFileKeyManager] Successfully saved RSA key parameters to file /home/ubuntu/ProjectFakeNews/actions-runner/.credentials_rsaparams
[2025-05-27 20:09:09Z INFO RSAFileKeyManager] Which2: 'chmod'
[2025-05-27 20:09:09Z INFO RSAFileKeyManager] Location: '/usr/bin/chmod'
[2025-05-27 20:09:09Z INFO HostContext] Well known directory 'Bin': '/home/ubuntu/ProjectFakeNews/actions-runner/bin'
[2025-05-27 20:09:09Z INFO HostContext] Well known directory 'Root': '/home/ubuntu/ProjectFakeNews/actions-runner'
[2025-05-27 20:09:09Z INFO ProcessInvokerWrapper] Starting process:
[2025-05-27 20:09:09Z INFO ProcessInvokerWrapper]   File name: '/usr/bin/chmod'
[2025-05-27 20:09:09Z INFO ProcessInvokerWrapper]   Arguments: '600 /home/ubuntu/ProjectFakeNews/actions-runner/.credentials_rsaparams'
[2025-05-27 20:09:09Z INFO ProcessInvokerWrapper]   Working directory: '/home/ubuntu/ProjectFakeNews/actions-runner'
[2025-05-27 20:09:09Z INFO ProcessInvokerWrapper]   Require exit code zero: 'False'
[2025-05-27 20:09:09Z INFO ProcessInvokerWrapper]   Encoding web name:  ; code page: ''
[2025-05-27 20:09:09Z INFO ProcessInvokerWrapper]   Force kill process on cancellation: 'False'
[2025-05-27 20:09:09Z INFO ProcessInvokerWrapper]   Redirected STDIN: 'False'
[2025-05-27 20:09:09Z INFO ProcessInvokerWrapper]   Persist current code page: 'False'
[2025-05-27 20:09:09Z INFO ProcessInvokerWrapper]   Keep redirected STDIN open: 'False'
[2025-05-27 20:09:09Z INFO ProcessInvokerWrapper]   High priority process: 'False'
[2025-05-27 20:09:09Z INFO ProcessInvokerWrapper] Process started with process id 75452, waiting for process exit.
[2025-05-27 20:09:09Z INFO ProcessInvokerWrapper] STDOUT/STDERR stream read finished.
[2025-05-27 20:09:09Z INFO ProcessInvokerWrapper] STDOUT/STDERR stream read finished.
[2025-05-27 20:09:09Z INFO ProcessInvokerWrapper] Finished process 75452 with exit code 0, and elapsed time 00:00:00.0068622.
[2025-05-27 20:09:09Z INFO RSAFileKeyManager] Successfully set permissions for RSA key parameters file /home/ubuntu/ProjectFakeNews/actions-runner/.credentials_rsaparams
[2025-05-27 20:09:09Z INFO CommandSettings] Arg 'runnergroup': ''
[2025-05-27 20:09:09Z INFO CommandSettings] Flag 'unattended': 'False'
[2025-05-27 20:09:09Z INFO PromptManager] ReadValue
[2025-05-27 20:09:09Z INFO Terminal] WRITE: Enter the name of the runner group to add this runner to: 
[2025-05-27 20:09:09Z INFO Terminal] WRITE: [press Enter for Default] 
[2025-05-27 20:09:09Z INFO Terminal] READ LINE
[2025-05-27 20:09:13Z INFO Terminal] Read value: ''
[2025-05-27 20:09:13Z INFO PromptManager] Falling back to the default: 'Default'
[2025-05-27 20:09:13Z INFO Terminal] WRITE LINE: 
[2025-05-27 20:09:13Z INFO ConfigurationManager] Found a self-hosted runner group with id 1 and name Default
[2025-05-27 20:09:13Z INFO CommandSettings] Flag 'disableupdate': 'False'
[2025-05-27 20:09:13Z INFO CommandSettings] Flag 'ephemeral': 'False'
[2025-05-27 20:09:13Z INFO CommandSettings] Arg 'name': ''
[2025-05-27 20:09:13Z INFO CommandSettings] Flag 'unattended': 'False'
[2025-05-27 20:09:13Z INFO PromptManager] ReadValue
[2025-05-27 20:09:13Z INFO Terminal] WRITE: Enter the name of runner: 
[2025-05-27 20:09:13Z INFO Terminal] WRITE: [press Enter for ip-172-31-7-237] 
[2025-05-27 20:09:13Z INFO Terminal] READ LINE
[2025-05-27 20:09:17Z INFO Terminal] Read value: ''
[2025-05-27 20:09:17Z INFO PromptManager] Falling back to the default: 'ip-172-31-7-237'
[2025-05-27 20:09:17Z INFO Terminal] WRITE LINE: 
[2025-05-27 20:09:17Z INFO CommandSettings] Arg 'labels': ''
[2025-05-27 20:09:17Z INFO CommandSettings] Flag 'unattended': 'False'
[2025-05-27 20:09:17Z INFO PromptManager] ReadValue
[2025-05-27 20:09:17Z INFO Terminal] WRITE: This runner will have the following labels: 'self-hosted', 'Linux', 'X64' 
Enter any additional labels (ex. label-1,label-2): 
[2025-05-27 20:09:17Z INFO Terminal] WRITE: [press Enter to skip] 
[2025-05-27 20:09:17Z INFO Terminal] READ LINE
[2025-05-27 20:09:20Z INFO Terminal] Read value: ''
[2025-05-27 20:09:20Z INFO Terminal] WRITE LINE: 
[2025-05-27 20:09:20Z INFO CommandSettings] Flag 'disableupdate': 'False'
[2025-05-27 20:09:20Z INFO CommandSettings] Flag 'no-default-labels': 'False'
[2025-05-27 20:09:21Z INFO CommandSettings] Flag 'disableupdate': 'False'
[2025-05-27 20:09:21Z INFO CommandSettings] Flag 'ephemeral': 'False'
[2025-05-27 20:09:21Z INFO ConfigurationStore] Saving OAuth credential @ /home/ubuntu/ProjectFakeNews/actions-runner/.credentials
[2025-05-27 20:09:21Z INFO ConfigurationStore] Credentials Saved.
[2025-05-27 20:09:21Z INFO ConfigurationStore] HasCredentials()
[2025-05-27 20:09:21Z INFO ConfigurationStore] stored True
[2025-05-27 20:09:21Z INFO CredentialManager] GetCredentialProvider
[2025-05-27 20:09:21Z INFO CredentialManager] Creating type OAuth
[2025-05-27 20:09:21Z INFO CredentialManager] Creating credential type: OAuth
[2025-05-27 20:09:21Z INFO RSAFileKeyManager] Loading RSA key parameters from file /home/ubuntu/ProjectFakeNews/actions-runner/.credentials_rsaparams
[2025-05-27 20:09:21Z INFO RunnerServer] EstablishVssConnection
[2025-05-27 20:09:21Z INFO RunnerServer] Establish connection with 100 seconds timeout.
[2025-05-27 20:09:21Z INFO GitHubActionsService] Starting operation Location.GetConnectionData
[2025-05-27 20:09:21Z INFO RunnerServer] EstablishVssConnection
[2025-05-27 20:09:21Z INFO RunnerServer] Establish connection with 60 seconds timeout.
[2025-05-27 20:09:21Z INFO GitHubActionsService] Starting operation Location.GetConnectionData
[2025-05-27 20:09:21Z INFO RunnerServer] EstablishVssConnection
[2025-05-27 20:09:21Z INFO RunnerServer] Establish connection with 60 seconds timeout.
[2025-05-27 20:09:21Z INFO GitHubActionsService] Starting operation Location.GetConnectionData
[2025-05-27 20:09:22Z INFO GitHubActionsService] Finished operation Location.GetConnectionData
[2025-05-27 20:09:22Z INFO GitHubActionsService] Finished operation Location.GetConnectionData
[2025-05-27 20:09:22Z INFO GitHubActionsService] Finished operation Location.GetConnectionData
[2025-05-27 20:09:22Z INFO RSAFileKeyManager] Loading RSA key parameters from file /home/ubuntu/ProjectFakeNews/actions-runner/.credentials_rsaparams
[2025-05-27 20:09:22Z INFO RSAFileKeyManager] Loading RSA key parameters from file /home/ubuntu/ProjectFakeNews/actions-runner/.credentials_rsaparams
[2025-05-27 20:09:23Z INFO GitHubActionsService] AAD Correlation ID for this token request: Unknown
[2025-05-27 20:09:23Z INFO CommandSettings] Arg 'work': ''
[2025-05-27 20:09:23Z INFO CommandSettings] Flag 'unattended': 'False'
[2025-05-27 20:09:23Z INFO PromptManager] ReadValue
[2025-05-27 20:09:23Z INFO Terminal] WRITE: Enter name of work folder: 
[2025-05-27 20:09:23Z INFO Terminal] WRITE: [press Enter for _work] 
[2025-05-27 20:09:23Z INFO Terminal] READ LINE
[2025-05-27 20:09:25Z INFO Terminal] Read value: ''
[2025-05-27 20:09:25Z INFO PromptManager] Falling back to the default: '_work'
[2025-05-27 20:09:25Z INFO ConfigurationStore] Saving runner settings.
[2025-05-27 20:09:25Z INFO ConfigurationStore] Settings Saved.
[2025-05-27 20:09:25Z INFO Terminal] WRITE LINE: 
[2025-05-27 20:09:25Z INFO Terminal] WRITE LINE: 
[2025-05-27 20:09:25Z INFO SystemDControlManager] Service name 'actions.runner.abhimanyusingh18-ProjectFakeNews.ip-172-31-7-237.service' display name 'GitHub Actions Runner (abhimanyusingh18-ProjectFakeNews.ip-172-31-7-237)' will be used for service configuration.
[2025-05-27 20:09:25Z INFO HostContext] Well known directory 'Bin': '/home/ubuntu/ProjectFakeNews/actions-runner/bin'
[2025-05-27 20:09:25Z INFO HostContext] Well known directory 'Root': '/home/ubuntu/ProjectFakeNews/actions-runner'
[2025-05-27 20:09:25Z INFO HostContext] Well known directory 'Bin': '/home/ubuntu/ProjectFakeNews/actions-runner/bin'
[2025-05-27 20:09:25Z INFO HostContext] Well known directory 'Bin': '/home/ubuntu/ProjectFakeNews/actions-runner/bin'
[2025-05-27 20:09:25Z INFO HostContext] Well known directory 'Root': '/home/ubuntu/ProjectFakeNews/actions-runner'
[2025-05-27 20:09:25Z INFO UnixUtil] Which2: 'chmod'
[2025-05-27 20:09:25Z INFO UnixUtil] Location: '/usr/bin/chmod'
[2025-05-27 20:09:25Z INFO UnixUtil] Running /usr/bin/chmod 755 "/home/ubuntu/ProjectFakeNews/actions-runner/svc.sh"
[2025-05-27 20:09:25Z INFO ProcessInvokerWrapper] Starting process:
[2025-05-27 20:09:25Z INFO ProcessInvokerWrapper]   File name: '/usr/bin/chmod'
[2025-05-27 20:09:25Z INFO ProcessInvokerWrapper]   Arguments: '755 "/home/ubuntu/ProjectFakeNews/actions-runner/svc.sh"'
[2025-05-27 20:09:25Z INFO ProcessInvokerWrapper]   Working directory: '/home/ubuntu/ProjectFakeNews/actions-runner'
[2025-05-27 20:09:25Z INFO ProcessInvokerWrapper]   Require exit code zero: 'True'
[2025-05-27 20:09:25Z INFO ProcessInvokerWrapper]   Encoding web name:  ; code page: ''
[2025-05-27 20:09:25Z INFO ProcessInvokerWrapper]   Force kill process on cancellation: 'False'
[2025-05-27 20:09:25Z INFO ProcessInvokerWrapper]   Redirected STDIN: 'False'
[2025-05-27 20:09:25Z INFO ProcessInvokerWrapper]   Persist current code page: 'False'
[2025-05-27 20:09:25Z INFO ProcessInvokerWrapper]   Keep redirected STDIN open: 'False'
[2025-05-27 20:09:25Z INFO ProcessInvokerWrapper]   High priority process: 'False'
[2025-05-27 20:09:25Z INFO ProcessInvokerWrapper] Updated oom_score_adj to 500 for PID: 75582.
[2025-05-27 20:09:25Z INFO ProcessInvokerWrapper] Process started with process id 75582, waiting for process exit.
[2025-05-27 20:09:25Z INFO ProcessInvokerWrapper] STDOUT/STDERR stream read finished.
[2025-05-27 20:09:25Z INFO ProcessInvokerWrapper] STDOUT/STDERR stream read finished.
[2025-05-27 20:09:25Z INFO ProcessInvokerWrapper] Finished process 75582 with exit code 0, and elapsed time 00:00:00.0016267.
[2025-05-27 20:09:25Z INFO Listener] Runner execution has finished with return code 0
