[2025-05-27 20:09:32Z INFO HostContext] No proxy settings were found based on environmental variables (http_proxy/https_proxy/HTTP_PROXY/HTTPS_PROXY)
[2025-05-27 20:09:32Z INFO HostContext] Well known directory 'Bin': '/home/ubuntu/ProjectFakeNews/actions-runner/bin'
[2025-05-27 20:09:32Z INFO HostContext] Well known directory 'Root': '/home/ubuntu/ProjectFakeNews/actions-runner'
[2025-05-27 20:09:32Z INFO HostContext] Well known config file 'Credentials': '/home/ubuntu/ProjectFakeNews/actions-runner/.credentials'
[2025-05-27 20:09:32Z INFO HostContext] Well known directory 'Bin': '/home/ubuntu/ProjectFakeNews/actions-runner/bin'
[2025-05-27 20:09:32Z INFO HostContext] Well known directory 'Root': '/home/ubuntu/ProjectFakeNews/actions-runner'
[2025-05-27 20:09:32Z INFO HostContext] Well known config file 'Runner': '/home/ubuntu/ProjectFakeNews/actions-runner/.runner'
[2025-05-27 20:09:32Z INFO Listener] Runner is built for Linux (X64) - linux-x64.
[2025-05-27 20:09:32Z INFO Listener] RuntimeInformation: Ubuntu 24.04.2 LTS.
[2025-05-27 20:09:32Z INFO Listener] Version: 2.324.0
[2025-05-27 20:09:32Z INFO Listener] Commit: da3412efd49b1cf1a0fbdcbcee4e4ac4cc2177c8
[2025-05-27 20:09:32Z INFO Listener] Culture: 
[2025-05-27 20:09:32Z INFO Listener] UI Culture: 
[2025-05-27 20:09:32Z INFO HostContext] Well known directory 'Bin': '/home/ubuntu/ProjectFakeNews/actions-runner/bin'
[2025-05-27 20:09:32Z INFO HostContext] Well known directory 'Root': '/home/ubuntu/ProjectFakeNews/actions-runner'
[2025-05-27 20:09:32Z INFO Listener] Validating directory permissions for: '/home/ubuntu/ProjectFakeNews/actions-runner'
[2025-05-27 20:09:32Z INFO CommandLineParser] Parse
[2025-05-27 20:09:32Z INFO CommandLineParser] Parsing 1 args
[2025-05-27 20:09:32Z INFO CommandLineParser] parsing argument
[2025-05-27 20:09:32Z INFO CommandLineParser] HasArgs: False
[2025-05-27 20:09:32Z INFO CommandLineParser] Adding Command: run
[2025-05-27 20:09:32Z INFO Listener] Arguments parsed
[2025-05-27 20:09:32Z INFO Runner] ExecuteCommand
[2025-05-27 20:09:32Z INFO ConfigurationStore] currentAssemblyLocation: /home/ubuntu/ProjectFakeNews/actions-runner/bin/Runner.Listener.dll
[2025-05-27 20:09:32Z INFO HostContext] Well known directory 'Bin': '/home/ubuntu/ProjectFakeNews/actions-runner/bin'
[2025-05-27 20:09:32Z INFO ConfigurationStore] binPath: /home/ubuntu/ProjectFakeNews/actions-runner/bin
[2025-05-27 20:09:32Z INFO HostContext] Well known directory 'Bin': '/home/ubuntu/ProjectFakeNews/actions-runner/bin'
[2025-05-27 20:09:32Z INFO HostContext] Well known directory 'Root': '/home/ubuntu/ProjectFakeNews/actions-runner'
[2025-05-27 20:09:32Z INFO ConfigurationStore] RootFolder: /home/ubuntu/ProjectFakeNews/actions-runner
[2025-05-27 20:09:32Z INFO HostContext] Well known directory 'Bin': '/home/ubuntu/ProjectFakeNews/actions-runner/bin'
[2025-05-27 20:09:32Z INFO HostContext] Well known directory 'Root': '/home/ubuntu/ProjectFakeNews/actions-runner'
[2025-05-27 20:09:32Z INFO HostContext] Well known config file 'Runner': '/home/ubuntu/ProjectFakeNews/actions-runner/.runner'
[2025-05-27 20:09:32Z INFO ConfigurationStore] ConfigFilePath: /home/ubuntu/ProjectFakeNews/actions-runner/.runner
[2025-05-27 20:09:32Z INFO HostContext] Well known directory 'Bin': '/home/ubuntu/ProjectFakeNews/actions-runner/bin'
[2025-05-27 20:09:32Z INFO HostContext] Well known directory 'Root': '/home/ubuntu/ProjectFakeNews/actions-runner'
[2025-05-27 20:09:32Z INFO HostContext] Well known config file 'MigratedRunner': '/home/ubuntu/ProjectFakeNews/actions-runner/.runner_migrated'
[2025-05-27 20:09:32Z INFO ConfigurationStore] MigratedConfigFilePath: /home/ubuntu/ProjectFakeNews/actions-runner/.runner_migrated
[2025-05-27 20:09:32Z INFO HostContext] Well known directory 'Bin': '/home/ubuntu/ProjectFakeNews/actions-runner/bin'
[2025-05-27 20:09:32Z INFO HostContext] Well known directory 'Root': '/home/ubuntu/ProjectFakeNews/actions-runner'
[2025-05-27 20:09:32Z INFO HostContext] Well known config file 'Credentials': '/home/ubuntu/ProjectFakeNews/actions-runner/.credentials'
[2025-05-27 20:09:32Z INFO ConfigurationStore] CredFilePath: /home/ubuntu/ProjectFakeNews/actions-runner/.credentials
[2025-05-27 20:09:32Z INFO HostContext] Well known directory 'Bin': '/home/ubuntu/ProjectFakeNews/actions-runner/bin'
[2025-05-27 20:09:32Z INFO HostContext] Well known directory 'Root': '/home/ubuntu/ProjectFakeNews/actions-runner'
[2025-05-27 20:09:32Z INFO HostContext] Well known config file 'MigratedCredentials': '/home/ubuntu/ProjectFakeNews/actions-runner/.credentials_migrated'
[2025-05-27 20:09:32Z INFO ConfigurationStore] MigratedCredFilePath: /home/ubuntu/ProjectFakeNews/actions-runner/.credentials_migrated
[2025-05-27 20:09:32Z INFO HostContext] Well known directory 'Bin': '/home/ubuntu/ProjectFakeNews/actions-runner/bin'
[2025-05-27 20:09:32Z INFO HostContext] Well known directory 'Root': '/home/ubuntu/ProjectFakeNews/actions-runner'
[2025-05-27 20:09:32Z INFO HostContext] Well known config file 'Service': '/home/ubuntu/ProjectFakeNews/actions-runner/.service'
[2025-05-27 20:09:32Z INFO ConfigurationStore] ServiceConfigFilePath: /home/ubuntu/ProjectFakeNews/actions-runner/.service
[2025-05-27 20:09:32Z INFO CommandSettings] Flag 'help': 'False'
[2025-05-27 20:09:32Z INFO CommandSettings] Flag 'version': 'False'
[2025-05-27 20:09:32Z INFO CommandSettings] Flag 'commit': 'False'
[2025-05-27 20:09:32Z INFO CommandSettings] Flag 'check': 'False'
[2025-05-27 20:09:32Z INFO CommandSettings] Command 'configure': 'False'
[2025-05-27 20:09:32Z INFO CommandSettings] Command 'remove': 'False'
[2025-05-27 20:09:32Z INFO CommandSettings] Command 'warmup': 'False'
[2025-05-27 20:09:32Z INFO ConfigurationManager] LoadSettings
[2025-05-27 20:09:32Z INFO ConfigurationStore] IsConfigured()
[2025-05-27 20:09:32Z INFO ConfigurationStore] IsConfigured: True
[2025-05-27 20:09:32Z INFO ConfigurationManager] Is configured: True
[2025-05-27 20:09:32Z INFO ConfigurationStore] Read setting file: 314 chars
[2025-05-27 20:09:32Z INFO ConfigurationManager] Settings Loaded
[2025-05-27 20:09:32Z INFO ConfigurationStore] IsServiceConfigured()
[2025-05-27 20:09:32Z INFO ConfigurationStore] IsServiceConfigured: False
[2025-05-27 20:09:32Z INFO CommandSettings] Command 'run': 'True'
[2025-05-27 20:09:32Z INFO ConfigurationStore] IsConfigured()
[2025-05-27 20:09:32Z INFO ConfigurationStore] IsConfigured: True
[2025-05-27 20:09:32Z INFO ConfigurationManager] Is configured: True
[2025-05-27 20:09:32Z INFO Runner] Could not parse the argument value '' for StartupType. Defaulting to Manual
[2025-05-27 20:09:32Z INFO Runner] Set runner startup type - Manual
[2025-05-27 20:09:32Z INFO CommandSettings] Flag 'once': 'False'
[2025-05-27 20:09:32Z INFO CommandSettings] Flag 'once': 'False'
[2025-05-27 20:09:32Z INFO Runner] RunAsync
[2025-05-27 20:09:32Z INFO ConfigurationManager] LoadMigratedSettings
[2025-05-27 20:09:32Z INFO ConfigurationStore] IsMigratedConfigured()
[2025-05-27 20:09:32Z INFO ConfigurationStore] IsMigratedConfigured: False
[2025-05-27 20:09:32Z INFO Runner] Failed to load migrated settings: No migrated configuration found.
[2025-05-27 20:09:32Z INFO Runner] Falling back to original .runner settings
[2025-05-27 20:09:32Z INFO ConfigurationManager] LoadSettings
[2025-05-27 20:09:32Z INFO ConfigurationStore] IsConfigured()
[2025-05-27 20:09:32Z INFO ConfigurationStore] IsConfigured: True
[2025-05-27 20:09:32Z INFO ConfigurationManager] Is configured: True
[2025-05-27 20:09:32Z INFO ConfigurationManager] Settings Loaded
[2025-05-27 20:09:32Z INFO MessageListener] {
  "AgentId": 2,
  "AgentName": "ip-172-31-7-237",
  "PoolId": 1,
  "PoolName": "Default",
  "ServerUrl": "https://pipelinesghubeus14.actions.githubusercontent.com/loYwX4HvREyqx8XpENlyZweQalCMO4kq70gdEsNuMuXlJhRR6F/",
  "GitHubUrl": "https://github.com/abhimanyusingh18/ProjectFakeNews",
  "WorkFolder": "_work"
}
[2025-05-27 20:09:32Z INFO MessageListener] Loading Credentials
[2025-05-27 20:09:32Z INFO ConfigurationStore] HasCredentials()
[2025-05-27 20:09:32Z INFO ConfigurationStore] stored True
[2025-05-27 20:09:32Z INFO CredentialManager] GetCredentialProvider
[2025-05-27 20:09:32Z INFO CredentialManager] Creating type OAuth
[2025-05-27 20:09:32Z INFO CredentialManager] Creating credential type: OAuth
[2025-05-27 20:09:32Z INFO HostContext] Well known directory 'Bin': '/home/ubuntu/ProjectFakeNews/actions-runner/bin'
[2025-05-27 20:09:32Z INFO HostContext] Well known directory 'Root': '/home/ubuntu/ProjectFakeNews/actions-runner'
[2025-05-27 20:09:32Z INFO HostContext] Well known config file 'RSACredentials': '/home/ubuntu/ProjectFakeNews/actions-runner/.credentials_rsaparams'
[2025-05-27 20:09:32Z INFO RSAFileKeyManager] Loading RSA key parameters from file /home/ubuntu/ProjectFakeNews/actions-runner/.credentials_rsaparams
[2025-05-27 20:09:32Z INFO MessageListener] Attempt to create session.
[2025-05-27 20:09:32Z INFO MessageListener] Connecting to the Runner Server...
[2025-05-27 20:09:32Z INFO RunnerServer] EstablishVssConnection
[2025-05-27 20:09:32Z INFO RunnerServer] Establish connection with 100 seconds timeout.
[2025-05-27 20:09:32Z INFO GitHubActionsService] Starting operation Location.GetConnectionData
[2025-05-27 20:09:32Z INFO RunnerServer] EstablishVssConnection
[2025-05-27 20:09:32Z INFO RunnerServer] Establish connection with 60 seconds timeout.
[2025-05-27 20:09:32Z INFO GitHubActionsService] Starting operation Location.GetConnectionData
[2025-05-27 20:09:32Z INFO RunnerServer] EstablishVssConnection
[2025-05-27 20:09:32Z INFO RunnerServer] Establish connection with 60 seconds timeout.
[2025-05-27 20:09:32Z INFO GitHubActionsService] Starting operation Location.GetConnectionData
[2025-05-27 20:09:33Z INFO GitHubActionsService] Finished operation Location.GetConnectionData
[2025-05-27 20:09:33Z INFO GitHubActionsService] Finished operation Location.GetConnectionData
[2025-05-27 20:09:33Z INFO GitHubActionsService] Finished operation Location.GetConnectionData
[2025-05-27 20:09:33Z INFO MessageListener] VssConnection created
[2025-05-27 20:09:33Z INFO Terminal] WRITE LINE: 
[2025-05-27 20:09:33Z INFO Terminal] WRITE LINE: 
[2025-05-27 20:09:33Z INFO RSAFileKeyManager] Loading RSA key parameters from file /home/ubuntu/ProjectFakeNews/actions-runner/.credentials_rsaparams
[2025-05-27 20:09:33Z INFO RSAFileKeyManager] Loading RSA key parameters from file /home/ubuntu/ProjectFakeNews/actions-runner/.credentials_rsaparams
[2025-05-27 20:09:34Z INFO GitHubActionsService] AAD Correlation ID for this token request: Unknown
[2025-05-27 20:09:34Z INFO MessageListener] Session created.
[2025-05-27 20:09:34Z INFO MessageListener] Registering AuthMigrationChanged event handler.
[2025-05-27 20:09:34Z INFO Terminal] WRITE LINE: Current runner version: '2.324.0'
[2025-05-27 20:09:34Z INFO Terminal] WRITE LINE: 2025-05-27 20:09:34Z: Listening for Jobs
[2025-05-27 20:09:34Z INFO JobDispatcher] Set runner/worker IPC timeout to 30 seconds.
[2025-05-27 20:09:35Z INFO ConfigurationStore] HasCredentials()
[2025-05-27 20:09:35Z INFO ConfigurationStore] stored True
[2025-05-27 20:09:35Z INFO CredentialManager] GetCredentialProvider
[2025-05-27 20:09:35Z INFO CredentialManager] Creating type OAuth
[2025-05-27 20:09:35Z INFO CredentialManager] Creating credential type: OAuth
[2025-05-27 20:09:35Z INFO RSAFileKeyManager] Loading RSA key parameters from file /home/ubuntu/ProjectFakeNews/actions-runner/.credentials_rsaparams
[2025-05-27 20:09:35Z INFO RSAFileKeyManager] Loading RSA key parameters from file /home/ubuntu/ProjectFakeNews/actions-runner/.credentials_rsaparams
[2025-05-27 20:09:35Z INFO RSAFileKeyManager] Loading RSA key parameters from file /home/ubuntu/ProjectFakeNews/actions-runner/.credentials_rsaparams
[2025-05-27 20:09:35Z INFO GitHubActionsService] AAD Correlation ID for this token request: Unknown
[2025-05-27 20:09:36Z INFO MessageListener] Message '8377950153404863402' received from session '9886ee68-1345-4cc7-9665-a8a11b093b6c'.
[2025-05-27 20:09:36Z INFO ConfigurationStore] HasCredentials()
[2025-05-27 20:09:36Z INFO ConfigurationStore] stored True
[2025-05-27 20:09:36Z INFO CredentialManager] GetCredentialProvider
[2025-05-27 20:09:36Z INFO CredentialManager] Creating type OAuth
[2025-05-27 20:09:36Z INFO CredentialManager] Creating credential type: OAuth
[2025-05-27 20:09:36Z INFO RSAFileKeyManager] Loading RSA key parameters from file /home/ubuntu/ProjectFakeNews/actions-runner/.credentials_rsaparams
[2025-05-27 20:09:36Z INFO RSAFileKeyManager] Loading RSA key parameters from file /home/ubuntu/ProjectFakeNews/actions-runner/.credentials_rsaparams
[2025-05-27 20:09:36Z INFO RSAFileKeyManager] Loading RSA key parameters from file /home/ubuntu/ProjectFakeNews/actions-runner/.credentials_rsaparams
[2025-05-27 20:09:37Z INFO GitHubActionsService] AAD Correlation ID for this token request: Unknown
[2025-05-27 20:09:38Z INFO JobDispatcher] Job request 0 for plan a4c3a0d5-339b-4bf6-a839-e8a8e62bbe4d job d088396d-ff37-59a6-bcb4-5f9d7aecaae6 received.
[2025-05-27 20:09:38Z INFO MessageListener] Received job status event. JobState: Busy
[2025-05-27 20:09:38Z INFO MessageListener] _getMessagesTokenSource is already disposed.
[2025-05-27 20:09:38Z INFO Terminal] WRITE LINE: 2025-05-27 20:09:38Z: Running job: deploy-to-minikube
[2025-05-27 20:09:38Z INFO JobDispatcher] Start renew job request 0 for job d088396d-ff37-59a6-bcb4-5f9d7aecaae6.
[2025-05-27 20:09:39Z INFO JobDispatcher] Successfully renew job d088396d-ff37-59a6-bcb4-5f9d7aecaae6, job is valid till 05/27/2025 20:19:39
[2025-05-27 20:09:39Z INFO HostContext] Well known directory 'Bin': '/home/ubuntu/ProjectFakeNews/actions-runner/bin'
[2025-05-27 20:09:39Z INFO ProcessInvokerWrapper] Starting process:
[2025-05-27 20:09:39Z INFO ProcessInvokerWrapper]   File name: '/home/ubuntu/ProjectFakeNews/actions-runner/bin/Runner.Worker'
[2025-05-27 20:09:39Z INFO ProcessInvokerWrapper]   Arguments: 'spawnclient 151 154'
[2025-05-27 20:09:39Z INFO ProcessInvokerWrapper]   Working directory: '/home/ubuntu/ProjectFakeNews/actions-runner/bin'
[2025-05-27 20:09:39Z INFO ProcessInvokerWrapper]   Require exit code zero: 'False'
[2025-05-27 20:09:39Z INFO ProcessInvokerWrapper]   Encoding web name:  ; code page: ''
[2025-05-27 20:09:39Z INFO ProcessInvokerWrapper]   Force kill process on cancellation: 'True'
[2025-05-27 20:09:39Z INFO ProcessInvokerWrapper]   Redirected STDIN: 'False'
[2025-05-27 20:09:39Z INFO ProcessInvokerWrapper]   Persist current code page: 'False'
[2025-05-27 20:09:39Z INFO ProcessInvokerWrapper]   Keep redirected STDIN open: 'False'
[2025-05-27 20:09:39Z INFO ProcessInvokerWrapper]   High priority process: 'True'
[2025-05-27 20:09:39Z INFO ProcessInvokerWrapper] Process started with process id 75719, waiting for process exit.
[2025-05-27 20:09:39Z INFO JobDispatcher] Send job request message to worker for job d088396d-ff37-59a6-bcb4-5f9d7aecaae6.
[2025-05-27 20:09:39Z INFO ProcessChannel] Sending message of length 20583, with hash '31bd4303b518759c0a58173a9d155e6b4ba7d3d2dfd0ecfcc3884d2d79eaf38d'
[2025-05-27 20:09:39Z INFO JobNotification] Entering JobStarted Notification
[2025-05-27 20:09:39Z INFO JobNotification] Entering StartMonitor
[2025-05-27 20:09:40Z INFO ConfigurationStore] HasCredentials()
[2025-05-27 20:09:40Z INFO ConfigurationStore] stored True
[2025-05-27 20:09:40Z INFO CredentialManager] GetCredentialProvider
[2025-05-27 20:09:40Z INFO CredentialManager] Creating type OAuth
[2025-05-27 20:09:40Z INFO CredentialManager] Creating credential type: OAuth
[2025-05-27 20:09:40Z INFO RSAFileKeyManager] Loading RSA key parameters from file /home/ubuntu/ProjectFakeNews/actions-runner/.credentials_rsaparams
[2025-05-27 20:10:30Z INFO ProcessInvokerWrapper] STDOUT/STDERR stream read finished.
[2025-05-27 20:10:30Z INFO ProcessInvokerWrapper] STDOUT/STDERR stream read finished.
[2025-05-27 20:10:30Z INFO ProcessInvokerWrapper] Finished process 75719 with exit code 102, and elapsed time 00:00:50.9455535.
[2025-05-27 20:10:30Z INFO JobDispatcher] Worker finished for job d088396d-ff37-59a6-bcb4-5f9d7aecaae6. Code: 102
[2025-05-27 20:10:30Z INFO JobDispatcher] finish job request for job d088396d-ff37-59a6-bcb4-5f9d7aecaae6 with result: Failed
[2025-05-27 20:10:30Z INFO Terminal] WRITE LINE: 2025-05-27 20:10:30Z: Job deploy-to-minikube completed with result: Failed
[2025-05-27 20:10:30Z INFO JobDispatcher] Stop renew job request for job d088396d-ff37-59a6-bcb4-5f9d7aecaae6.
[2025-05-27 20:10:30Z INFO JobDispatcher] job renew has been cancelled, stop renew job d088396d-ff37-59a6-bcb4-5f9d7aecaae6.
[2025-05-27 20:10:30Z INFO JobNotification] Entering JobCompleted Notification
[2025-05-27 20:10:30Z INFO JobNotification] Entering EndMonitor
[2025-05-27 20:10:30Z INFO MessageListener] Received job status event. JobState: Online
[2025-05-27 20:10:30Z INFO ConfigurationStore] HasCredentials()
[2025-05-27 20:10:30Z INFO ConfigurationStore] stored True
[2025-05-27 20:10:30Z INFO CredentialManager] GetCredentialProvider
[2025-05-27 20:10:30Z INFO CredentialManager] Creating type OAuth
[2025-05-27 20:10:30Z INFO CredentialManager] Creating credential type: OAuth
[2025-05-27 20:10:30Z INFO RSAFileKeyManager] Loading RSA key parameters from file /home/ubuntu/ProjectFakeNews/actions-runner/.credentials_rsaparams
[2025-05-27 20:11:21Z INFO ConfigurationStore] HasCredentials()
[2025-05-27 20:11:21Z INFO ConfigurationStore] stored True
[2025-05-27 20:11:21Z INFO CredentialManager] GetCredentialProvider
[2025-05-27 20:11:21Z INFO CredentialManager] Creating type OAuth
[2025-05-27 20:11:21Z INFO CredentialManager] Creating credential type: OAuth
[2025-05-27 20:11:21Z INFO RSAFileKeyManager] Loading RSA key parameters from file /home/ubuntu/ProjectFakeNews/actions-runner/.credentials_rsaparams
[2025-05-27 20:12:11Z INFO ConfigurationStore] HasCredentials()
[2025-05-27 20:12:11Z INFO ConfigurationStore] stored True
[2025-05-27 20:12:11Z INFO CredentialManager] GetCredentialProvider
[2025-05-27 20:12:11Z INFO CredentialManager] Creating type OAuth
[2025-05-27 20:12:11Z INFO CredentialManager] Creating credential type: OAuth
[2025-05-27 20:12:11Z INFO RSAFileKeyManager] Loading RSA key parameters from file /home/ubuntu/ProjectFakeNews/actions-runner/.credentials_rsaparams
[2025-05-27 20:13:02Z INFO ConfigurationStore] HasCredentials()
[2025-05-27 20:13:02Z INFO ConfigurationStore] stored True
[2025-05-27 20:13:02Z INFO CredentialManager] GetCredentialProvider
[2025-05-27 20:13:02Z INFO CredentialManager] Creating type OAuth
[2025-05-27 20:13:02Z INFO CredentialManager] Creating credential type: OAuth
[2025-05-27 20:13:02Z INFO RSAFileKeyManager] Loading RSA key parameters from file /home/ubuntu/ProjectFakeNews/actions-runner/.credentials_rsaparams
[2025-05-27 20:13:52Z INFO ConfigurationStore] HasCredentials()
[2025-05-27 20:13:52Z INFO ConfigurationStore] stored True
[2025-05-27 20:13:52Z INFO CredentialManager] GetCredentialProvider
[2025-05-27 20:13:52Z INFO CredentialManager] Creating type OAuth
[2025-05-27 20:13:52Z INFO CredentialManager] Creating credential type: OAuth
[2025-05-27 20:13:52Z INFO RSAFileKeyManager] Loading RSA key parameters from file /home/ubuntu/ProjectFakeNews/actions-runner/.credentials_rsaparams
[2025-05-27 20:14:43Z INFO ConfigurationStore] HasCredentials()
[2025-05-27 20:14:43Z INFO ConfigurationStore] stored True
[2025-05-27 20:14:43Z INFO CredentialManager] GetCredentialProvider
[2025-05-27 20:14:43Z INFO CredentialManager] Creating type OAuth
[2025-05-27 20:14:43Z INFO CredentialManager] Creating credential type: OAuth
[2025-05-27 20:14:43Z INFO RSAFileKeyManager] Loading RSA key parameters from file /home/ubuntu/ProjectFakeNews/actions-runner/.credentials_rsaparams
[2025-05-27 20:15:33Z INFO ConfigurationStore] HasCredentials()
[2025-05-27 20:15:33Z INFO ConfigurationStore] stored True
[2025-05-27 20:15:33Z INFO CredentialManager] GetCredentialProvider
[2025-05-27 20:15:33Z INFO CredentialManager] Creating type OAuth
[2025-05-27 20:15:33Z INFO CredentialManager] Creating credential type: OAuth
[2025-05-27 20:15:33Z INFO RSAFileKeyManager] Loading RSA key parameters from file /home/ubuntu/ProjectFakeNews/actions-runner/.credentials_rsaparams
[2025-05-27 20:16:18Z INFO MessageListener] Message '3353308784977296302' received from session '9886ee68-1345-4cc7-9665-a8a11b093b6c'.
[2025-05-27 20:16:18Z INFO ConfigurationStore] HasCredentials()
[2025-05-27 20:16:18Z INFO ConfigurationStore] stored True
[2025-05-27 20:16:18Z INFO CredentialManager] GetCredentialProvider
[2025-05-27 20:16:18Z INFO CredentialManager] Creating type OAuth
[2025-05-27 20:16:18Z INFO CredentialManager] Creating credential type: OAuth
[2025-05-27 20:16:18Z INFO RSAFileKeyManager] Loading RSA key parameters from file /home/ubuntu/ProjectFakeNews/actions-runner/.credentials_rsaparams
[2025-05-27 20:16:18Z INFO RSAFileKeyManager] Loading RSA key parameters from file /home/ubuntu/ProjectFakeNews/actions-runner/.credentials_rsaparams
[2025-05-27 20:16:18Z INFO RSAFileKeyManager] Loading RSA key parameters from file /home/ubuntu/ProjectFakeNews/actions-runner/.credentials_rsaparams
[2025-05-27 20:16:19Z INFO GitHubActionsService] AAD Correlation ID for this token request: Unknown
[2025-05-27 20:16:20Z INFO JobDispatcher] Job request 0 for plan f0a902a2-091f-43a2-9422-54d909f81ba0 job 837b646f-a425-5f33-ac48-0fd8bfe54453 received.
[2025-05-27 20:16:20Z INFO MessageListener] Received job status event. JobState: Busy
[2025-05-27 20:16:20Z INFO MessageListener] _getMessagesTokenSource is already disposed.
[2025-05-27 20:16:20Z INFO JobDispatcher] Job request d088396d-ff37-59a6-bcb4-5f9d7aecaae6 processed succeed.
[2025-05-27 20:16:20Z INFO Terminal] WRITE LINE: 2025-05-27 20:16:20Z: Running job: deploy-to-minikube
[2025-05-27 20:16:20Z INFO JobDispatcher] Start renew job request 0 for job 837b646f-a425-5f33-ac48-0fd8bfe54453.
[2025-05-27 20:16:21Z INFO JobDispatcher] Successfully renew job 837b646f-a425-5f33-ac48-0fd8bfe54453, job is valid till 05/27/2025 20:26:21
[2025-05-27 20:16:21Z INFO HostContext] Well known directory 'Bin': '/home/ubuntu/ProjectFakeNews/actions-runner/bin'
[2025-05-27 20:16:21Z INFO ProcessInvokerWrapper] Starting process:
[2025-05-27 20:16:21Z INFO ProcessInvokerWrapper]   File name: '/home/ubuntu/ProjectFakeNews/actions-runner/bin/Runner.Worker'
[2025-05-27 20:16:21Z INFO ProcessInvokerWrapper]   Arguments: 'spawnclient 143 152'
[2025-05-27 20:16:21Z INFO ProcessInvokerWrapper]   Working directory: '/home/ubuntu/ProjectFakeNews/actions-runner/bin'
[2025-05-27 20:16:21Z INFO ProcessInvokerWrapper]   Require exit code zero: 'False'
[2025-05-27 20:16:21Z INFO ProcessInvokerWrapper]   Encoding web name:  ; code page: ''
[2025-05-27 20:16:21Z INFO ProcessInvokerWrapper]   Force kill process on cancellation: 'True'
[2025-05-27 20:16:21Z INFO ProcessInvokerWrapper]   Redirected STDIN: 'False'
[2025-05-27 20:16:21Z INFO ProcessInvokerWrapper]   Persist current code page: 'False'
[2025-05-27 20:16:21Z INFO ProcessInvokerWrapper]   Keep redirected STDIN open: 'False'
[2025-05-27 20:16:21Z INFO ProcessInvokerWrapper]   High priority process: 'True'
[2025-05-27 20:16:21Z INFO ProcessInvokerWrapper] Process started with process id 84233, waiting for process exit.
[2025-05-27 20:16:21Z INFO JobDispatcher] Send job request message to worker for job 837b646f-a425-5f33-ac48-0fd8bfe54453.
[2025-05-27 20:16:21Z INFO ProcessChannel] Sending message of length 20611, with hash '8808d273e82624a181b017c024d4d14d44f0ea90d2165453462abb3b9a9f4296'
[2025-05-27 20:16:21Z INFO JobNotification] Entering JobStarted Notification
[2025-05-27 20:16:21Z INFO JobNotification] Entering StartMonitor
[2025-05-27 20:16:21Z INFO ConfigurationStore] HasCredentials()
[2025-05-27 20:16:21Z INFO ConfigurationStore] stored True
[2025-05-27 20:16:21Z INFO CredentialManager] GetCredentialProvider
[2025-05-27 20:16:21Z INFO CredentialManager] Creating type OAuth
[2025-05-27 20:16:21Z INFO CredentialManager] Creating credential type: OAuth
[2025-05-27 20:16:21Z INFO RSAFileKeyManager] Loading RSA key parameters from file /home/ubuntu/ProjectFakeNews/actions-runner/.credentials_rsaparams
[2025-05-27 20:16:34Z INFO ProcessInvokerWrapper] STDOUT/STDERR stream read finished.
[2025-05-27 20:16:34Z INFO ProcessInvokerWrapper] STDOUT/STDERR stream read finished.
[2025-05-27 20:16:34Z INFO ProcessInvokerWrapper] Finished process 84233 with exit code 100, and elapsed time 00:00:12.9328481.
[2025-05-27 20:16:34Z INFO JobDispatcher] Worker finished for job 837b646f-a425-5f33-ac48-0fd8bfe54453. Code: 100
[2025-05-27 20:16:34Z INFO JobDispatcher] finish job request for job 837b646f-a425-5f33-ac48-0fd8bfe54453 with result: Succeeded
[2025-05-27 20:16:34Z INFO Terminal] WRITE LINE: 2025-05-27 20:16:34Z: Job deploy-to-minikube completed with result: Succeeded
[2025-05-27 20:16:34Z INFO JobDispatcher] Stop renew job request for job 837b646f-a425-5f33-ac48-0fd8bfe54453.
[2025-05-27 20:16:34Z INFO JobDispatcher] job renew has been cancelled, stop renew job 837b646f-a425-5f33-ac48-0fd8bfe54453.
[2025-05-27 20:16:34Z INFO JobNotification] Entering JobCompleted Notification
[2025-05-27 20:16:34Z INFO JobNotification] Entering EndMonitor
[2025-05-27 20:16:34Z INFO MessageListener] Received job status event. JobState: Online
[2025-05-27 20:17:12Z INFO ConfigurationStore] HasCredentials()
[2025-05-27 20:17:12Z INFO ConfigurationStore] stored True
[2025-05-27 20:17:12Z INFO CredentialManager] GetCredentialProvider
[2025-05-27 20:17:12Z INFO CredentialManager] Creating type OAuth
[2025-05-27 20:17:12Z INFO CredentialManager] Creating credential type: OAuth
[2025-05-27 20:17:12Z INFO RSAFileKeyManager] Loading RSA key parameters from file /home/ubuntu/ProjectFakeNews/actions-runner/.credentials_rsaparams
[2025-05-27 20:18:02Z INFO ConfigurationStore] HasCredentials()
[2025-05-27 20:18:02Z INFO ConfigurationStore] stored True
[2025-05-27 20:18:02Z INFO CredentialManager] GetCredentialProvider
[2025-05-27 20:18:02Z INFO CredentialManager] Creating type OAuth
[2025-05-27 20:18:02Z INFO CredentialManager] Creating credential type: OAuth
[2025-05-27 20:18:02Z INFO RSAFileKeyManager] Loading RSA key parameters from file /home/ubuntu/ProjectFakeNews/actions-runner/.credentials_rsaparams
[2025-05-27 20:18:53Z INFO ConfigurationStore] HasCredentials()
[2025-05-27 20:18:53Z INFO ConfigurationStore] stored True
[2025-05-27 20:18:53Z INFO CredentialManager] GetCredentialProvider
[2025-05-27 20:18:53Z INFO CredentialManager] Creating type OAuth
[2025-05-27 20:18:53Z INFO CredentialManager] Creating credential type: OAuth
[2025-05-27 20:18:53Z INFO RSAFileKeyManager] Loading RSA key parameters from file /home/ubuntu/ProjectFakeNews/actions-runner/.credentials_rsaparams
[2025-05-27 20:19:43Z INFO ConfigurationStore] HasCredentials()
[2025-05-27 20:19:43Z INFO ConfigurationStore] stored True
[2025-05-27 20:19:43Z INFO CredentialManager] GetCredentialProvider
[2025-05-27 20:19:43Z INFO CredentialManager] Creating type OAuth
[2025-05-27 20:19:43Z INFO CredentialManager] Creating credential type: OAuth
[2025-05-27 20:19:43Z INFO RSAFileKeyManager] Loading RSA key parameters from file /home/ubuntu/ProjectFakeNews/actions-runner/.credentials_rsaparams
[2025-05-27 20:20:34Z INFO ConfigurationStore] HasCredentials()
[2025-05-27 20:20:34Z INFO ConfigurationStore] stored True
[2025-05-27 20:20:34Z INFO CredentialManager] GetCredentialProvider
[2025-05-27 20:20:34Z INFO CredentialManager] Creating type OAuth
[2025-05-27 20:20:34Z INFO CredentialManager] Creating credential type: OAuth
[2025-05-27 20:20:34Z INFO RSAFileKeyManager] Loading RSA key parameters from file /home/ubuntu/ProjectFakeNews/actions-runner/.credentials_rsaparams
[2025-05-27 20:21:24Z INFO ConfigurationStore] HasCredentials()
[2025-05-27 20:21:24Z INFO ConfigurationStore] stored True
[2025-05-27 20:21:24Z INFO CredentialManager] GetCredentialProvider
[2025-05-27 20:21:24Z INFO CredentialManager] Creating type OAuth
[2025-05-27 20:21:24Z INFO CredentialManager] Creating credential type: OAuth
[2025-05-27 20:21:24Z INFO RSAFileKeyManager] Loading RSA key parameters from file /home/ubuntu/ProjectFakeNews/actions-runner/.credentials_rsaparams
[2025-05-27 20:22:15Z INFO ConfigurationStore] HasCredentials()
[2025-05-27 20:22:15Z INFO ConfigurationStore] stored True
[2025-05-27 20:22:15Z INFO CredentialManager] GetCredentialProvider
[2025-05-27 20:22:15Z INFO CredentialManager] Creating type OAuth
[2025-05-27 20:22:15Z INFO CredentialManager] Creating credential type: OAuth
[2025-05-27 20:22:15Z INFO RSAFileKeyManager] Loading RSA key parameters from file /home/ubuntu/ProjectFakeNews/actions-runner/.credentials_rsaparams
[2025-05-27 20:23:05Z INFO ConfigurationStore] HasCredentials()
[2025-05-27 20:23:05Z INFO ConfigurationStore] stored True
[2025-05-27 20:23:05Z INFO CredentialManager] GetCredentialProvider
[2025-05-27 20:23:05Z INFO CredentialManager] Creating type OAuth
[2025-05-27 20:23:05Z INFO CredentialManager] Creating credential type: OAuth
[2025-05-27 20:23:05Z INFO RSAFileKeyManager] Loading RSA key parameters from file /home/ubuntu/ProjectFakeNews/actions-runner/.credentials_rsaparams
[2025-05-27 20:23:19Z INFO Terminal] WRITE LINE: Exiting...
[2025-05-27 20:23:19Z INFO ConfigurationStore] IsServiceConfigured()
[2025-05-27 20:23:19Z INFO ConfigurationStore] IsServiceConfigured: False
[2025-05-27 20:23:19Z INFO HostContext] Runner will be shutdown for UserCancelled
[2025-05-27 20:23:19Z WARN GitHubActionsService] GET request to https://broker.actions.githubusercontent.com/message?sessionId=9886ee68-1345-4cc7-9665-a8a11b093b6c&status=Online&runnerVersion=2.324.0&os=Linux&architecture=X64&disableUpdate=false has been cancelled.
[2025-05-27 20:23:19Z ERR  BrokerServer] Catch exception during request
[2025-05-27 20:23:19Z ERR  BrokerServer] System.Threading.Tasks.TaskCanceledException: The operation was canceled.
 ---> System.Threading.Tasks.TaskCanceledException: The operation was canceled.
 ---> System.IO.IOException: Unable to read data from the transport connection: Operation canceled.
 ---> System.Net.Sockets.SocketException (125): Operation canceled
   --- End of inner exception stack trace ---
   at System.Net.Sockets.Socket.AwaitableSocketAsyncEventArgs.System.Threading.Tasks.Sources.IValueTaskSource<System.Int32>.GetResult(Int16 token)
   at System.Net.Security.SslStream.EnsureFullTlsFrameAsync[TIOAdapter](CancellationToken cancellationToken, Int32 estimatedSize)
   at System.Runtime.CompilerServices.PoolingAsyncValueTaskMethodBuilder`1.StateMachineBox`1.System.Threading.Tasks.Sources.IValueTaskSource<TResult>.GetResult(Int16 token)
   at System.Net.Security.SslStream.ReadAsyncInternal[TIOAdapter](Memory`1 buffer, CancellationToken cancellationToken)
   at System.Runtime.CompilerServices.PoolingAsyncValueTaskMethodBuilder`1.StateMachineBox`1.System.Threading.Tasks.Sources.IValueTaskSource<TResult>.GetResult(Int16 token)
   at System.Net.Http.HttpConnection.SendAsync(HttpRequestMessage request, Boolean async, CancellationToken cancellationToken)
   --- End of inner exception stack trace ---
   at System.Net.Http.HttpConnection.SendAsync(HttpRequestMessage request, Boolean async, CancellationToken cancellationToken)
   at System.Net.Http.AuthenticationHelper.SendWithNtAuthAsync(HttpRequestMessage request, Uri authUri, Boolean async, ICredentials credentials, Boolean isProxyAuth, HttpConnection connection, HttpConnectionPool connectionPool, CancellationToken cancellationToken)
   at System.Net.Http.HttpConnectionPool.SendWithVersionDetectionAndRetryAsync(HttpRequestMessage request, Boolean async, Boolean doRequestAuth, CancellationToken cancellationToken)
   at System.Net.Http.AuthenticationHelper.SendWithAuthAsync(HttpRequestMessage request, Uri authUri, Boolean async, ICredentials credentials, Boolean preAuthenticate, Boolean isProxyAuth, Boolean doRequestAuth, HttpConnectionPool pool, CancellationToken cancellationToken)
   at System.Net.Http.RedirectHandler.SendAsync(HttpRequestMessage request, Boolean async, CancellationToken cancellationToken)
   at GitHub.Services.Common.RawHttpMessageHandler.SendAsync(HttpRequestMessage request, CancellationToken cancellationToken)
   at GitHub.Services.Common.VssHttpRetryMessageHandler.SendAsync(HttpRequestMessage request, CancellationToken cancellationToken)
   at System.Net.Http.HttpClient.<SendAsync>g__Core|83_0(HttpRequestMessage request, HttpCompletionOption completionOption, CancellationTokenSource cts, Boolean disposeCts, CancellationTokenSource pendingRequestsCts, CancellationToken originalCancellationToken)
   --- End of inner exception stack trace ---
   at System.Net.Http.HttpClient.HandleFailure(Exception e, Boolean telemetryStarted, HttpResponseMessage response, CancellationTokenSource cts, CancellationToken cancellationToken, CancellationTokenSource pendingRequestsCts)
   at System.Net.Http.HttpClient.<SendAsync>g__Core|83_0(HttpRequestMessage request, HttpCompletionOption completionOption, CancellationTokenSource cts, Boolean disposeCts, CancellationTokenSource pendingRequestsCts, CancellationToken originalCancellationToken)
   at Sdk.WebApi.WebApi.RawHttpClientBase.SendAsync(HttpRequestMessage message, HttpCompletionOption completionOption, Object userState, CancellationToken cancellationToken)
   at Sdk.WebApi.WebApi.RawHttpClientBase.SendAsync[T](HttpRequestMessage message, Boolean readErrorBody, Object userState, CancellationToken cancellationToken)
   at Sdk.WebApi.WebApi.RawHttpClientBase.SendAsync[T](HttpMethod method, IEnumerable`1 additionalHeaders, Uri requestUri, HttpContent content, IEnumerable`1 queryParameters, Boolean readErrorBody, Object userState, CancellationToken cancellationToken)
   at GitHub.Actions.RunService.WebApi.BrokerHttpClient.GetRunnerMessageAsync(Nullable`1 sessionId, String runnerVersion, Nullable`1 status, String os, String architecture, Nullable`1 disableUpdate, CancellationToken cancellationToken)
   at GitHub.Runner.Common.BrokerServer.<>c__DisplayClass7_0.<<GetRunnerMessageAsync>b__0>d.MoveNext()
--- End of stack trace from previous location ---
   at GitHub.Runner.Common.RunnerService.RetryRequest[T](Func`1 func, CancellationToken cancellationToken, Int32 maxRetryAttemptsCount, Func`2 shouldRetry)
[2025-05-27 20:23:19Z ERR  BrokerServer] #####################################################
[2025-05-27 20:23:19Z ERR  BrokerServer] System.Threading.Tasks.TaskCanceledException: The operation was canceled.
 ---> System.IO.IOException: Unable to read data from the transport connection: Operation canceled.
 ---> System.Net.Sockets.SocketException (125): Operation canceled
   --- End of inner exception stack trace ---
   at System.Net.Sockets.Socket.AwaitableSocketAsyncEventArgs.System.Threading.Tasks.Sources.IValueTaskSource<System.Int32>.GetResult(Int16 token)
   at System.Net.Security.SslStream.EnsureFullTlsFrameAsync[TIOAdapter](CancellationToken cancellationToken, Int32 estimatedSize)
   at System.Runtime.CompilerServices.PoolingAsyncValueTaskMethodBuilder`1.StateMachineBox`1.System.Threading.Tasks.Sources.IValueTaskSource<TResult>.GetResult(Int16 token)
   at System.Net.Security.SslStream.ReadAsyncInternal[TIOAdapter](Memory`1 buffer, CancellationToken cancellationToken)
   at System.Runtime.CompilerServices.PoolingAsyncValueTaskMethodBuilder`1.StateMachineBox`1.System.Threading.Tasks.Sources.IValueTaskSource<TResult>.GetResult(Int16 token)
   at System.Net.Http.HttpConnection.SendAsync(HttpRequestMessage request, Boolean async, CancellationToken cancellationToken)
   --- End of inner exception stack trace ---
   at System.Net.Http.HttpConnection.SendAsync(HttpRequestMessage request, Boolean async, CancellationToken cancellationToken)
   at System.Net.Http.AuthenticationHelper.SendWithNtAuthAsync(HttpRequestMessage request, Uri authUri, Boolean async, ICredentials credentials, Boolean isProxyAuth, HttpConnection connection, HttpConnectionPool connectionPool, CancellationToken cancellationToken)
   at System.Net.Http.HttpConnectionPool.SendWithVersionDetectionAndRetryAsync(HttpRequestMessage request, Boolean async, Boolean doRequestAuth, CancellationToken cancellationToken)
   at System.Net.Http.AuthenticationHelper.SendWithAuthAsync(HttpRequestMessage request, Uri authUri, Boolean async, ICredentials credentials, Boolean preAuthenticate, Boolean isProxyAuth, Boolean doRequestAuth, HttpConnectionPool pool, CancellationToken cancellationToken)
   at System.Net.Http.RedirectHandler.SendAsync(HttpRequestMessage request, Boolean async, CancellationToken cancellationToken)
   at GitHub.Services.Common.RawHttpMessageHandler.SendAsync(HttpRequestMessage request, CancellationToken cancellationToken)
   at GitHub.Services.Common.VssHttpRetryMessageHandler.SendAsync(HttpRequestMessage request, CancellationToken cancellationToken)
   at System.Net.Http.HttpClient.<SendAsync>g__Core|83_0(HttpRequestMessage request, HttpCompletionOption completionOption, CancellationTokenSource cts, Boolean disposeCts, CancellationTokenSource pendingRequestsCts, CancellationToken originalCancellationToken)
[2025-05-27 20:23:19Z ERR  BrokerServer] #####################################################
[2025-05-27 20:23:19Z ERR  BrokerServer] System.IO.IOException: Unable to read data from the transport connection: Operation canceled.
 ---> System.Net.Sockets.SocketException (125): Operation canceled
   --- End of inner exception stack trace ---
   at System.Net.Sockets.Socket.AwaitableSocketAsyncEventArgs.System.Threading.Tasks.Sources.IValueTaskSource<System.Int32>.GetResult(Int16 token)
   at System.Net.Security.SslStream.EnsureFullTlsFrameAsync[TIOAdapter](CancellationToken cancellationToken, Int32 estimatedSize)
   at System.Runtime.CompilerServices.PoolingAsyncValueTaskMethodBuilder`1.StateMachineBox`1.System.Threading.Tasks.Sources.IValueTaskSource<TResult>.GetResult(Int16 token)
   at System.Net.Security.SslStream.ReadAsyncInternal[TIOAdapter](Memory`1 buffer, CancellationToken cancellationToken)
   at System.Runtime.CompilerServices.PoolingAsyncValueTaskMethodBuilder`1.StateMachineBox`1.System.Threading.Tasks.Sources.IValueTaskSource<TResult>.GetResult(Int16 token)
   at System.Net.Http.HttpConnection.SendAsync(HttpRequestMessage request, Boolean async, CancellationToken cancellationToken)
[2025-05-27 20:23:19Z ERR  BrokerServer] #####################################################
[2025-05-27 20:23:19Z ERR  BrokerServer] System.Net.Sockets.SocketException (125): Operation canceled
[2025-05-27 20:23:19Z WARN BrokerServer] Back off 11.791 seconds before next retry. 4 attempt left.
[2025-05-27 20:23:19Z INFO MessageListener] Get next message has been cancelled.
[2025-05-27 20:23:19Z INFO JobDispatcher] Shutting down JobDispatcher. Make sure all WorkerDispatcher has finished.
[2025-05-27 20:23:19Z INFO JobDispatcher] Ensure WorkerDispatcher for job 837b646f-a425-5f33-ac48-0fd8bfe54453 run to finish, cancel any running job.
[2025-05-27 20:23:19Z INFO JobDispatcher] Job request 837b646f-a425-5f33-ac48-0fd8bfe54453 processed succeed.
[2025-05-27 20:23:19Z INFO Runner] Deleting Runner Session...
[2025-05-27 20:23:20Z INFO Listener] Runner execution been cancelled.
